matrixcalc_AMD64 @ LAPTOP-O4K8VFU9:  ----------
                                     Infos #: 0
                                     ----------

matrixcalc_AMD64 @ LAPTOP-O4K8VFU9:  -------------
                                     WARNINGS #: 0
                                     -------------

matrixcalc_AMD64 @ LAPTOP-O4K8VFU9:  -----------
                                     ERRORS #: 0
                                     -----------

matrixcalc_AMD64 @ LAPTOP-O4K8VFU9:  ----------
                                     Infos #: 0
                                     ----------

matrixcalc_AMD64 @ LAPTOP-O4K8VFU9:  -------------
                                     WARNINGS #: 0
                                     -------------

matrixcalc_AMD64 @ LAPTOP-O4K8VFU9:  -----------
                                     ERRORS #: 0
                                     -----------

matrixcalc_AMD64 @ LAPTOP-O4K8VFU9:  ----------
                                     Infos #: 0
                                     ----------

matrixcalc_AMD64 @ LAPTOP-O4K8VFU9:  -------------
                                     WARNINGS #: 0
                                     -------------

matrixcalc_AMD64 @ LAPTOP-O4K8VFU9:  -----------
                                     ERRORS #: 0
                                     -----------

matrixcalc_AMD64 @ LAPTOP-O4K8VFU9:  ----------
                                     Infos #: 0
                                     ----------

matrixcalc_AMD64 @ LAPTOP-O4K8VFU9:  -------------
                                     WARNINGS #: 0
                                     -------------

matrixcalc_AMD64 @ LAPTOP-O4K8VFU9:  -----------
                                     ERRORS #: 0
                                     -----------

matrixcalc_AMD64 @ LAPTOP-O4K8VFU9:  ----------
                                     Infos #: 0
                                     ----------

matrixcalc_AMD64 @ LAPTOP-O4K8VFU9:  -------------
                                     WARNINGS #: 0
                                     -------------

matrixcalc_AMD64 @ LAPTOP-O4K8VFU9:  -----------
                                     ERRORS #: 0
                                     -----------

