Port monitor named: Port1_e1[2.4].prt

nx        = 66
ny        = 56
nz        = 26

nu        = 11
nv        = 17
iu        = 10
iv        = 26

idir      = 1
dcut      = 3.500000e-002
icut      = 50
type      = 0
frequency = 2.400000e+009

fcutoff   = 0.000000e+000
alpha     = 0.000000e+000
beta      = 8.846691e+001
accuracy  = 8.099491e-011

type          = QTEM
wave imp.     = 2.188439e+002
wave imp.sig. = 0.000000e+000
line imp.     = 8.392724e+001

ref. port     = 0

-0.000000e+000  -0.000000e+000  -0.000000e+000  -0.000000e+000  -0.000000e+000  -0.000000e+000  -0.000000e+000  -0.000000e+000  -0.000000e+000  -0.000000e+000  -0.000000e+000  
-1.697353e+001  -1.623726e+001  -1.486015e+001  -6.033774e+001  -5.650721e+001  -5.135388e+001  -3.734220e+001  -1.280558e+001  2.189452e+000  7.854786e+000  -0.000000e+000  
-5.442519e+001  -5.026068e+001  -4.267062e+001  -1.611030e+002  -1.443639e+002  -1.243211e+002  -7.477680e+001  -1.388962e+001  1.328073e+001  2.138398e+001  -0.000000e+000  
-2.087792e+002  -1.803011e+002  -1.289877e+002  -3.938795e+002  -3.106483e+002  -2.314014e+002  -7.328387e+001  2.433228e+001  4.292752e+001  4.344761e+001  -0.000000e+000  
-9.686266e+002  -7.946402e+002  -4.568568e+002  -8.042877e+002  -3.931570e+002  -1.395934e+002  1.385007e+002  1.260079e+002  8.279790e+001  6.393048e+001  -0.000000e+000  
-1.721955e+003  -1.478601e+003  -8.564707e+002  -6.996570e+002  -2.170442e+001  2.173736e+002  2.773130e+002  1.554843e+002  9.066810e+001  6.738905e+001  -0.000000e+000  
-2.791994e+003  -2.656946e+003  -1.892540e+003  -5.814619e+000  7.936596e+002  7.904522e+002  4.318492e+002  1.820322e+002  9.690173e+001  6.996191e+001  -0.000000e+000  
-4.035603e+003  -4.656497e+003  -6.250700e+003  4.475903e+003  2.422501e+003  1.518212e+003  5.606353e+002  2.002344e+002  1.007854e+002  7.149454e+001  -0.000000e+000  
-4.447239e+003  -5.345102e+003  -7.746857e+003  5.391369e+003  2.895556e+003  1.747287e+003  5.991809e+002  2.053388e+002  1.018344e+002  7.190113e+001  -0.000000e+000  
-4.035603e+003  -4.656497e+003  -6.250700e+003  4.475903e+003  2.422501e+003  1.518212e+003  5.606353e+002  2.002344e+002  1.007854e+002  7.149454e+001  -0.000000e+000  
-2.791994e+003  -2.656946e+003  -1.892540e+003  -5.814619e+000  7.936596e+002  7.904522e+002  4.318492e+002  1.820322e+002  9.690173e+001  6.996191e+001  -0.000000e+000  
-1.721955e+003  -1.478601e+003  -8.564707e+002  -6.996570e+002  -2.170442e+001  2.173736e+002  2.773130e+002  1.554843e+002  9.066810e+001  6.738905e+001  -0.000000e+000  
-9.686266e+002  -7.946402e+002  -4.568568e+002  -8.042877e+002  -3.931570e+002  -1.395934e+002  1.385007e+002  1.260079e+002  8.279790e+001  6.393048e+001  -0.000000e+000  
-2.087792e+002  -1.803011e+002  -1.289877e+002  -3.938795e+002  -3.106483e+002  -2.314014e+002  -7.328387e+001  2.433228e+001  4.292752e+001  4.344761e+001  -0.000000e+000  
-5.442519e+001  -5.026068e+001  -4.267062e+001  -1.611030e+002  -1.443639e+002  -1.243211e+002  -7.477680e+001  -1.388962e+001  1.328073e+001  2.138398e+001  -0.000000e+000  
-1.697353e+001  -1.623726e+001  -1.486015e+001  -6.033774e+001  -5.650721e+001  -5.135388e+001  -3.734220e+001  -1.280558e+001  2.189452e+000  7.854786e+000  -0.000000e+000  
-0.000000e+000  -0.000000e+000  -0.000000e+000  -0.000000e+000  -0.000000e+000  -0.000000e+000  -0.000000e+000  -0.000000e+000  -0.000000e+000  -0.000000e+000  -0.000000e+000  

-0.000000e+000  6.832772e-001  1.481696e+000  2.492802e+000  -6.144528e+000  -1.406165e+001  -2.099077e+001  -3.636029e+001  -3.430294e+001  -1.938380e+001  -0.000000e+000  
-0.000000e+000  -2.605354e+000  -4.598660e+000  -5.488570e+000  -2.219850e+001  -3.631697e+001  -4.744148e+001  -6.199030e+001  -4.786405e+001  -2.439928e+001  -0.000000e+000  
-0.000000e+000  -2.321405e+001  -4.190605e+001  -5.247833e+001  -9.602160e+001  -1.257539e+002  -1.432572e+002  -1.261273e+002  -7.221747e+001  -3.130281e+001  -0.000000e+000  
-0.000000e+000  -1.603603e+002  -2.884376e+002  -3.529972e+002  -4.477507e+002  -4.609781e+002  -4.313172e+002  -2.212100e+002  -8.612459e+001  -3.048567e+001  -0.000000e+000  
-0.000000e+000  -6.500766e+002  -1.238882e+003  -1.578011e+003  -1.463208e+003  -1.085710e+003  -7.245305e+002  -2.105799e+002  -6.194940e+001  -1.989004e+001  -0.000000e+000  
-0.000000e+000  -9.275670e+002  -1.948743e+003  -2.843470e+003  -2.142304e+003  -1.323864e+003  -7.485374e+002  -1.802660e+002  -4.765140e+001  -1.467826e+001  -0.000000e+000  
-0.000000e+000  -1.081339e+003  -2.821916e+003  -6.280674e+003  -2.944101e+003  -1.318607e+003  -5.911430e+002  -1.195123e+002  -2.910479e+001  -8.697676e+000  -0.000000e+000  
-0.000000e+000  -4.290467e+002  -1.147503e+003  -0.000000e+000  -1.048213e+003  -4.826989e+002  -2.085476e+002  -3.965327e+001  -9.344373e+000  -2.758470e+000  -0.000000e+000  
-0.000000e+000  4.290467e+002  1.147503e+003  -0.000000e+000  1.048213e+003  4.826989e+002  2.085476e+002  3.965327e+001  9.344373e+000  2.758470e+000  -0.000000e+000  
-0.000000e+000  1.081339e+003  2.821916e+003  6.280674e+003  2.944101e+003  1.318607e+003  5.911430e+002  1.195123e+002  2.910479e+001  8.697676e+000  -0.000000e+000  
-0.000000e+000  9.275670e+002  1.948743e+003  2.843470e+003  2.142304e+003  1.323864e+003  7.485374e+002  1.802660e+002  4.765140e+001  1.467826e+001  -0.000000e+000  
-0.000000e+000  6.500766e+002  1.238882e+003  1.578011e+003  1.463208e+003  1.085710e+003  7.245305e+002  2.105799e+002  6.194940e+001  1.989004e+001  -0.000000e+000  
-0.000000e+000  1.603603e+002  2.884376e+002  3.529972e+002  4.477507e+002  4.609781e+002  4.313172e+002  2.212100e+002  8.612459e+001  3.048567e+001  -0.000000e+000  
-0.000000e+000  2.321405e+001  4.190605e+001  5.247833e+001  9.602160e+001  1.257539e+002  1.432572e+002  1.261273e+002  7.221747e+001  3.130281e+001  -0.000000e+000  
-0.000000e+000  2.605354e+000  4.598660e+000  5.488570e+000  2.219850e+001  3.631697e+001  4.744148e+001  6.199030e+001  4.786405e+001  2.439928e+001  -0.000000e+000  
-0.000000e+000  -6.832772e-001  -1.481696e+000  -2.492802e+000  6.144528e+000  1.406165e+001  2.099077e+001  3.636029e+001  3.430294e+001  1.938380e+001  -0.000000e+000  
-0.000000e+000  -0.000000e+000  -0.000000e+000  -0.000000e+000  -0.000000e+000  -0.000000e+000  -0.000000e+000  -0.000000e+000  -0.000000e+000  -0.000000e+000  -0.000000e+000  

0.000000e+000  0.000000e+000  0.000000e+000  0.000000e+000  0.000000e+000  0.000000e+000  0.000000e+000  0.000000e+000  0.000000e+000  0.000000e+000  0.000000e+000  
0.000000e+000  0.000000e+000  0.000000e+000  0.000000e+000  0.000000e+000  0.000000e+000  0.000000e+000  0.000000e+000  0.000000e+000  0.000000e+000  0.000000e+000  
0.000000e+000  0.000000e+000  0.000000e+000  0.000000e+000  0.000000e+000  0.000000e+000  0.000000e+000  0.000000e+000  0.000000e+000  0.000000e+000  0.000000e+000  
0.000000e+000  0.000000e+000  0.000000e+000  0.000000e+000  0.000000e+000  0.000000e+000  0.000000e+000  0.000000e+000  0.000000e+000  0.000000e+000  0.000000e+000  
0.000000e+000  0.000000e+000  0.000000e+000  0.000000e+000  0.000000e+000  0.000000e+000  0.000000e+000  0.000000e+000  0.000000e+000  0.000000e+000  0.000000e+000  
0.000000e+000  0.000000e+000  0.000000e+000  0.000000e+000  0.000000e+000  0.000000e+000  0.000000e+000  0.000000e+000  0.000000e+000  0.000000e+000  0.000000e+000  
0.000000e+000  0.000000e+000  0.000000e+000  0.000000e+000  0.000000e+000  0.000000e+000  0.000000e+000  0.000000e+000  0.000000e+000  0.000000e+000  0.000000e+000  
0.000000e+000  0.000000e+000  0.000000e+000  0.000000e+000  0.000000e+000  0.000000e+000  0.000000e+000  0.000000e+000  0.000000e+000  0.000000e+000  0.000000e+000  
0.000000e+000  0.000000e+000  0.000000e+000  0.000000e+000  0.000000e+000  0.000000e+000  0.000000e+000  0.000000e+000  0.000000e+000  0.000000e+000  0.000000e+000  
0.000000e+000  0.000000e+000  0.000000e+000  0.000000e+000  0.000000e+000  0.000000e+000  0.000000e+000  0.000000e+000  0.000000e+000  0.000000e+000  0.000000e+000  
0.000000e+000  0.000000e+000  0.000000e+000  0.000000e+000  0.000000e+000  0.000000e+000  0.000000e+000  0.000000e+000  0.000000e+000  0.000000e+000  0.000000e+000  
0.000000e+000  0.000000e+000  0.000000e+000  0.000000e+000  0.000000e+000  0.000000e+000  0.000000e+000  0.000000e+000  0.000000e+000  0.000000e+000  0.000000e+000  
0.000000e+000  0.000000e+000  0.000000e+000  0.000000e+000  0.000000e+000  0.000000e+000  0.000000e+000  0.000000e+000  0.000000e+000  0.000000e+000  0.000000e+000  
0.000000e+000  0.000000e+000  0.000000e+000  0.000000e+000  0.000000e+000  0.000000e+000  0.000000e+000  0.000000e+000  0.000000e+000  0.000000e+000  0.000000e+000  
0.000000e+000  0.000000e+000  0.000000e+000  0.000000e+000  0.000000e+000  0.000000e+000  0.000000e+000  0.000000e+000  0.000000e+000  0.000000e+000  0.000000e+000  
0.000000e+000  0.000000e+000  0.000000e+000  0.000000e+000  0.000000e+000  0.000000e+000  0.000000e+000  0.000000e+000  0.000000e+000  0.000000e+000  0.000000e+000  
0.000000e+000  0.000000e+000  0.000000e+000  0.000000e+000  0.000000e+000  0.000000e+000  0.000000e+000  0.000000e+000  0.000000e+000  0.000000e+000  0.000000e+000  

0.000000e+000  0.000000e+000  0.000000e+000  0.000000e+000  0.000000e+000  0.000000e+000  0.000000e+000  0.000000e+000  0.000000e+000  0.000000e+000  0.000000e+000  
0.000000e+000  0.000000e+000  0.000000e+000  0.000000e+000  0.000000e+000  0.000000e+000  0.000000e+000  0.000000e+000  0.000000e+000  0.000000e+000  0.000000e+000  
0.000000e+000  0.000000e+000  0.000000e+000  0.000000e+000  0.000000e+000  0.000000e+000  0.000000e+000  0.000000e+000  0.000000e+000  0.000000e+000  0.000000e+000  
0.000000e+000  0.000000e+000  0.000000e+000  0.000000e+000  0.000000e+000  0.000000e+000  0.000000e+000  0.000000e+000  0.000000e+000  0.000000e+000  0.000000e+000  
0.000000e+000  0.000000e+000  0.000000e+000  0.000000e+000  0.000000e+000  0.000000e+000  0.000000e+000  0.000000e+000  0.000000e+000  0.000000e+000  0.000000e+000  
0.000000e+000  0.000000e+000  0.000000e+000  0.000000e+000  0.000000e+000  0.000000e+000  0.000000e+000  0.000000e+000  0.000000e+000  0.000000e+000  0.000000e+000  
0.000000e+000  0.000000e+000  0.000000e+000  0.000000e+000  0.000000e+000  0.000000e+000  0.000000e+000  0.000000e+000  0.000000e+000  0.000000e+000  0.000000e+000  
0.000000e+000  0.000000e+000  0.000000e+000  0.000000e+000  0.000000e+000  0.000000e+000  0.000000e+000  0.000000e+000  0.000000e+000  0.000000e+000  0.000000e+000  
0.000000e+000  0.000000e+000  0.000000e+000  0.000000e+000  0.000000e+000  0.000000e+000  0.000000e+000  0.000000e+000  0.000000e+000  0.000000e+000  0.000000e+000  
0.000000e+000  0.000000e+000  0.000000e+000  0.000000e+000  0.000000e+000  0.000000e+000  0.000000e+000  0.000000e+000  0.000000e+000  0.000000e+000  0.000000e+000  
0.000000e+000  0.000000e+000  0.000000e+000  0.000000e+000  0.000000e+000  0.000000e+000  0.000000e+000  0.000000e+000  0.000000e+000  0.000000e+000  0.000000e+000  
0.000000e+000  0.000000e+000  0.000000e+000  0.000000e+000  0.000000e+000  0.000000e+000  0.000000e+000  0.000000e+000  0.000000e+000  0.000000e+000  0.000000e+000  
0.000000e+000  0.000000e+000  0.000000e+000  0.000000e+000  0.000000e+000  0.000000e+000  0.000000e+000  0.000000e+000  0.000000e+000  0.000000e+000  0.000000e+000  
0.000000e+000  0.000000e+000  0.000000e+000  0.000000e+000  0.000000e+000  0.000000e+000  0.000000e+000  0.000000e+000  0.000000e+000  0.000000e+000  0.000000e+000  
0.000000e+000  0.000000e+000  0.000000e+000  0.000000e+000  0.000000e+000  0.000000e+000  0.000000e+000  0.000000e+000  0.000000e+000  0.000000e+000  0.000000e+000  
0.000000e+000  0.000000e+000  0.000000e+000  0.000000e+000  0.000000e+000  0.000000e+000  0.000000e+000  0.000000e+000  0.000000e+000  0.000000e+000  0.000000e+000  
0.000000e+000  0.000000e+000  0.000000e+000  0.000000e+000  0.000000e+000  0.000000e+000  0.000000e+000  0.000000e+000  0.000000e+000  0.000000e+000  0.000000e+000  

0.000000e+000  0.000000e+000  0.000000e+000  0.000000e+000  0.000000e+000  0.000000e+000  0.000000e+000  0.000000e+000  0.000000e+000  0.000000e+000  0.000000e+000  
0.000000e+000  0.000000e+000  0.000000e+000  0.000000e+000  0.000000e+000  0.000000e+000  0.000000e+000  0.000000e+000  0.000000e+000  0.000000e+000  0.000000e+000  
0.000000e+000  0.000000e+000  0.000000e+000  0.000000e+000  0.000000e+000  0.000000e+000  0.000000e+000  0.000000e+000  0.000000e+000  0.000000e+000  0.000000e+000  
0.000000e+000  0.000000e+000  0.000000e+000  0.000000e+000  0.000000e+000  0.000000e+000  0.000000e+000  0.000000e+000  0.000000e+000  0.000000e+000  0.000000e+000  
0.000000e+000  0.000000e+000  0.000000e+000  0.000000e+000  0.000000e+000  0.000000e+000  0.000000e+000  0.000000e+000  0.000000e+000  0.000000e+000  0.000000e+000  
0.000000e+000  0.000000e+000  0.000000e+000  0.000000e+000  0.000000e+000  0.000000e+000  0.000000e+000  0.000000e+000  0.000000e+000  0.000000e+000  0.000000e+000  
0.000000e+000  0.000000e+000  0.000000e+000  0.000000e+000  0.000000e+000  0.000000e+000  0.000000e+000  0.000000e+000  0.000000e+000  0.000000e+000  0.000000e+000  
0.000000e+000  0.000000e+000  0.000000e+000  0.000000e+000  0.000000e+000  0.000000e+000  0.000000e+000  0.000000e+000  0.000000e+000  0.000000e+000  0.000000e+000  
0.000000e+000  0.000000e+000  0.000000e+000  0.000000e+000  0.000000e+000  0.000000e+000  0.000000e+000  0.000000e+000  0.000000e+000  0.000000e+000  0.000000e+000  
0.000000e+000  0.000000e+000  0.000000e+000  0.000000e+000  0.000000e+000  0.000000e+000  0.000000e+000  0.000000e+000  0.000000e+000  0.000000e+000  0.000000e+000  
0.000000e+000  0.000000e+000  0.000000e+000  0.000000e+000  0.000000e+000  0.000000e+000  0.000000e+000  0.000000e+000  0.000000e+000  0.000000e+000  0.000000e+000  
0.000000e+000  0.000000e+000  0.000000e+000  0.000000e+000  0.000000e+000  0.000000e+000  0.000000e+000  0.000000e+000  0.000000e+000  0.000000e+000  0.000000e+000  
0.000000e+000  0.000000e+000  0.000000e+000  0.000000e+000  0.000000e+000  0.000000e+000  0.000000e+000  0.000000e+000  0.000000e+000  0.000000e+000  0.000000e+000  
0.000000e+000  0.000000e+000  0.000000e+000  0.000000e+000  0.000000e+000  0.000000e+000  0.000000e+000  0.000000e+000  0.000000e+000  0.000000e+000  0.000000e+000  
0.000000e+000  0.000000e+000  0.000000e+000  0.000000e+000  0.000000e+000  0.000000e+000  0.000000e+000  0.000000e+000  0.000000e+000  0.000000e+000  0.000000e+000  
0.000000e+000  0.000000e+000  0.000000e+000  0.000000e+000  0.000000e+000  0.000000e+000  0.000000e+000  0.000000e+000  0.000000e+000  0.000000e+000  0.000000e+000  
0.000000e+000  0.000000e+000  0.000000e+000  0.000000e+000  0.000000e+000  0.000000e+000  0.000000e+000  0.000000e+000  0.000000e+000  0.000000e+000  0.000000e+000  

-0.000000e+000  -0.000000e+000  -0.000000e+000  -0.000000e+000  -0.000000e+000  -0.000000e+000  -0.000000e+000  -0.000000e+000  -0.000000e+000  -0.000000e+000  -0.000000e+000  
-0.000000e+000  -2.575962e+000  -5.104413e+000  -7.538625e+000  -7.650837e+000  -7.628570e+000  -7.495594e+000  -6.268784e+000  -4.099543e+000  -1.986921e+000  -0.000000e+000  
-0.000000e+000  -6.435157e+000  -1.275423e+001  -1.883793e+001  -1.856727e+001  -1.800039e+001  -1.723224e+001  -1.338144e+001  -8.314545e+000  -3.936997e+000  -0.000000e+000  
-0.000000e+000  -1.342608e+001  -2.676132e+001  -3.986161e+001  -3.674776e+001  -3.352969e+001  -3.042554e+001  -2.100832e+001  -1.222110e+001  -5.633222e+000  -0.000000e+000  
-0.000000e+000  -2.109887e+001  -4.331493e+001  -6.756667e+001  -5.512905e+001  -4.581452e+001  -3.876865e+001  -2.504120e+001  -1.429980e+001  -6.546560e+000  -0.000000e+000  
-0.000000e+000  -1.936176e+001  -4.078729e+001  -6.715709e+001  -5.223235e+001  -4.346689e+001  -3.753436e+001  -2.526698e+001  -1.457189e+001  -6.678795e+000  -0.000000e+000  
-0.000000e+000  -1.489835e+001  -3.173481e+001  -5.681627e+001  -4.320436e+001  -3.833613e+001  -3.525445e+001  -2.526499e+001  -1.474965e+001  -6.770839e+000  -0.000000e+000  
-0.000000e+000  -7.878578e+000  -1.184477e+001  -0.000000e+000  -2.541362e+001  -3.147098e+001  -3.289502e+001  -2.517608e+001  -1.484497e+001  -6.823144e+000  -0.000000e+000  
-0.000000e+000  -5.935989e+000  -7.610330e+000  -0.000000e+000  -2.070194e+001  -2.937521e+001  -3.215773e+001  -2.514249e+001  -1.486913e+001  -6.836760e+000  -0.000000e+000  
-0.000000e+000  -7.878578e+000  -1.184477e+001  -0.000000e+000  -2.541362e+001  -3.147098e+001  -3.289502e+001  -2.517608e+001  -1.484497e+001  -6.823144e+000  -0.000000e+000  
-0.000000e+000  -1.489835e+001  -3.173481e+001  -5.681627e+001  -4.320436e+001  -3.833613e+001  -3.525445e+001  -2.526499e+001  -1.474965e+001  -6.770839e+000  -0.000000e+000  
-0.000000e+000  -1.936176e+001  -4.078729e+001  -6.715709e+001  -5.223235e+001  -4.346689e+001  -3.753436e+001  -2.526698e+001  -1.457189e+001  -6.678794e+000  -0.000000e+000  
-0.000000e+000  -2.109887e+001  -4.331493e+001  -6.756667e+001  -5.512905e+001  -4.581452e+001  -3.876865e+001  -2.504120e+001  -1.429980e+001  -6.546560e+000  -0.000000e+000  
-0.000000e+000  -1.342608e+001  -2.676132e+001  -3.986161e+001  -3.674776e+001  -3.352969e+001  -3.042554e+001  -2.100832e+001  -1.222110e+001  -5.633222e+000  -0.000000e+000  
-0.000000e+000  -6.435157e+000  -1.275423e+001  -1.883793e+001  -1.856727e+001  -1.800039e+001  -1.723224e+001  -1.338144e+001  -8.314545e+000  -3.936997e+000  -0.000000e+000  
-0.000000e+000  -2.575962e+000  -5.104413e+000  -7.538625e+000  -7.650836e+000  -7.628570e+000  -7.495594e+000  -6.268784e+000  -4.099543e+000  -1.986921e+000  -0.000000e+000  
-0.000000e+000  -0.000000e+000  -0.000000e+000  -0.000000e+000  -0.000000e+000  -0.000000e+000  -0.000000e+000  -0.000000e+000  -0.000000e+000  -0.000000e+000  -0.000000e+000  

