Port monitor named: Port1_h1[2.4].prt

nx        = 66
ny        = 56
nz        = 26

nu        = 11
nv        = 17
iu        = 10
iv        = 26

idir      = 1
dcut      = 3.500000e-002
icut      = 50
type      = 1
frequency = 2.400000e+009

fcutoff   = 0.000000e+000
alpha     = 0.000000e+000
beta      = 8.846691e+001
accuracy  = 8.099491e-011

type          = QTEM
wave imp.     = 2.188439e+002
wave imp.sig. = 0.000000e+000
line imp.     = 8.392724e+001

ref. port     = 0

-0.000000e+000  4.554459e-002  8.965277e-002  1.309851e-001  1.734316e-001  2.099717e-001  2.398047e-001  2.883478e-001  2.377033e-001  1.280842e-001  -0.000000e+000  
-0.000000e+000  8.517507e-002  1.661954e-001  2.393944e-001  3.101617e-001  3.657707e-001  4.056889e-001  4.239674e-001  3.031980e-001  1.508021e-001  -0.000000e+000  
-0.000000e+000  2.406363e-001  4.606390e-001  6.427424e-001  7.922350e-001  8.808834e-001  9.184035e-001  7.331212e-001  4.110571e-001  1.782288e-001  -0.000000e+000  
-0.000000e+000  9.199461e-001  1.716148e+000  2.266510e+000  2.500710e+000  2.426356e+000  2.199881e+000  1.122761e+000  4.484833e-001  1.627140e-001  -0.000000e+000  
-0.000000e+000  2.881850e+000  5.561053e+000  7.330900e+000  6.575807e+000  4.861823e+000  3.273741e+000  1.002990e+000  3.131855e-001  1.045079e-001  -0.000000e+000  
-0.000000e+000  3.937116e+000  8.300177e+000  1.236372e+001  9.205976e+000  5.728440e+000  3.293692e+000  8.414015e-001  2.381235e-001  7.663558e-002  -0.000000e+000  
-0.000000e+000  4.429770e+000  1.142175e+001  2.578180e+001  1.217713e+001  5.551085e+000  2.551885e+000  5.501130e-001  1.442751e-001  4.521375e-002  -0.000000e+000  
-0.000000e+000  1.797990e+000  4.910236e+000  -0.000000e+000  4.396326e+000  2.032299e+000  8.957947e-001  1.815774e-001  4.617440e-002  1.431503e-002  -0.000000e+000  
-0.000000e+000  -1.797990e+000  -4.910236e+000  -0.000000e+000  -4.396326e+000  -2.032299e+000  -8.957947e-001  -1.815774e-001  -4.617440e-002  -1.431503e-002  -0.000000e+000  
-0.000000e+000  -4.429770e+000  -1.142175e+001  -2.578180e+001  -1.217713e+001  -5.551085e+000  -2.551885e+000  -5.501130e-001  -1.442751e-001  -4.521375e-002  -0.000000e+000  
-0.000000e+000  -3.937116e+000  -8.300177e+000  -1.236372e+001  -9.205976e+000  -5.728440e+000  -3.293692e+000  -8.414015e-001  -2.381235e-001  -7.663558e-002  -0.000000e+000  
-0.000000e+000  -2.881850e+000  -5.561053e+000  -7.330900e+000  -6.575807e+000  -4.861823e+000  -3.273741e+000  -1.002990e+000  -3.131855e-001  -1.045079e-001  -0.000000e+000  
-0.000000e+000  -9.199461e-001  -1.716148e+000  -2.266510e+000  -2.500710e+000  -2.426356e+000  -2.199881e+000  -1.122761e+000  -4.484833e-001  -1.627140e-001  -0.000000e+000  
-0.000000e+000  -2.406363e-001  -4.606390e-001  -6.427424e-001  -7.922350e-001  -8.808834e-001  -9.184035e-001  -7.331212e-001  -4.110571e-001  -1.782288e-001  -0.000000e+000  
-0.000000e+000  -8.517507e-002  -1.661954e-001  -2.393944e-001  -3.101617e-001  -3.657707e-001  -4.056889e-001  -4.239674e-001  -3.031980e-001  -1.508021e-001  -0.000000e+000  
-0.000000e+000  -4.554459e-002  -8.965277e-002  -1.309851e-001  -1.734316e-001  -2.099717e-001  -2.398047e-001  -2.883478e-001  -2.377033e-001  -1.280842e-001  -0.000000e+000  
-0.000000e+000  -0.000000e+000  -0.000000e+000  -0.000000e+000  -0.000000e+000  -0.000000e+000  -0.000000e+000  -0.000000e+000  -0.000000e+000  -0.000000e+000  -0.000000e+000  

-0.000000e+000  -0.000000e+000  -0.000000e+000  -0.000000e+000  -0.000000e+000  -0.000000e+000  -0.000000e+000  -0.000000e+000  -0.000000e+000  -0.000000e+000  -0.000000e+000  
-3.389941e-001  -3.307659e-001  -3.148341e-001  -2.916320e-001  -2.618323e-001  -2.279633e-001  -1.444509e-001  -1.989923e-002  4.906448e-002  7.320207e-002  -0.000000e+000  
-9.029885e-001  -8.718405e-001  -8.126720e-001  -7.281297e-001  -6.237326e-001  -5.123268e-001  -2.553013e-001  2.831667e-002  1.424876e-001  1.722178e-001  -0.000000e+000  
-2.328539e+000  -2.186429e+000  -1.923179e+000  -1.562903e+000  -1.165101e+000  -8.052295e-001  -1.127469e-001  2.751590e-001  3.215339e-001  3.064095e-001  -0.000000e+000  
-6.649609e+000  -5.950004e+000  -4.578325e+000  -2.652680e+000  -1.010058e+000  -2.732677e-002  9.809621e-001  7.857643e-001  5.290963e-001  4.188271e-001  -0.000000e+000  
-9.991379e+000  -9.063379e+000  -6.657512e+000  -1.943813e+000  6.754232e-001  1.540525e+000  1.593447e+000  9.225241e-001  5.684100e-001  4.374048e-001  -0.000000e+000  
-1.453680e+001  -1.410176e+001  -1.136452e+001  1.179072e+000  4.136619e+000  3.963330e+000  2.259419e+000  1.043159e+000  5.990878e-001  4.511086e-001  -0.000000e+000  
-1.963477e+001  -2.213892e+001  -2.833700e+001  1.920346e+001  1.077274e+001  6.961621e+000  2.805356e+000  1.124749e+000  6.180099e-001  4.592254e-001  -0.000000e+000  
-2.136062e+001  -2.512259e+001  -3.539900e+001  2.322006e+001  1.274940e+001  7.910683e+000  2.968166e+000  1.147517e+000  6.231007e-001  4.613740e-001  -0.000000e+000  
-1.963477e+001  -2.213892e+001  -2.833700e+001  1.920346e+001  1.077274e+001  6.961621e+000  2.805356e+000  1.124749e+000  6.180099e-001  4.592254e-001  -0.000000e+000  
-1.453680e+001  -1.410176e+001  -1.136452e+001  1.179072e+000  4.136619e+000  3.963330e+000  2.259419e+000  1.043159e+000  5.990878e-001  4.511086e-001  -0.000000e+000  
-9.991379e+000  -9.063379e+000  -6.657512e+000  -1.943813e+000  6.754232e-001  1.540525e+000  1.593447e+000  9.225241e-001  5.684100e-001  4.374048e-001  -0.000000e+000  
-6.649609e+000  -5.950004e+000  -4.578325e+000  -2.652680e+000  -1.010058e+000  -2.732676e-002  9.809621e-001  7.857643e-001  5.290963e-001  4.188271e-001  -0.000000e+000  
-2.328539e+000  -2.186429e+000  -1.923179e+000  -1.562903e+000  -1.165101e+000  -8.052295e-001  -1.127469e-001  2.751590e-001  3.215339e-001  3.064095e-001  -0.000000e+000  
-9.029885e-001  -8.718405e-001  -8.126719e-001  -7.281297e-001  -6.237326e-001  -5.123268e-001  -2.553013e-001  2.831667e-002  1.424876e-001  1.722178e-001  -0.000000e+000  
-3.389941e-001  -3.307659e-001  -3.148341e-001  -2.916320e-001  -2.618323e-001  -2.279633e-001  -1.444509e-001  -1.989923e-002  4.906448e-002  7.320207e-002  -0.000000e+000  
-0.000000e+000  -0.000000e+000  -0.000000e+000  -0.000000e+000  -0.000000e+000  -0.000000e+000  -0.000000e+000  -0.000000e+000  -0.000000e+000  -0.000000e+000  -0.000000e+000  

0.000000e+000  0.000000e+000  0.000000e+000  0.000000e+000  0.000000e+000  0.000000e+000  0.000000e+000  0.000000e+000  0.000000e+000  0.000000e+000  0.000000e+000  
0.000000e+000  0.000000e+000  0.000000e+000  0.000000e+000  0.000000e+000  0.000000e+000  0.000000e+000  0.000000e+000  0.000000e+000  0.000000e+000  0.000000e+000  
0.000000e+000  0.000000e+000  0.000000e+000  0.000000e+000  0.000000e+000  0.000000e+000  0.000000e+000  0.000000e+000  0.000000e+000  0.000000e+000  0.000000e+000  
0.000000e+000  0.000000e+000  0.000000e+000  0.000000e+000  0.000000e+000  0.000000e+000  0.000000e+000  0.000000e+000  0.000000e+000  0.000000e+000  0.000000e+000  
0.000000e+000  0.000000e+000  0.000000e+000  0.000000e+000  0.000000e+000  0.000000e+000  0.000000e+000  0.000000e+000  0.000000e+000  0.000000e+000  0.000000e+000  
0.000000e+000  0.000000e+000  0.000000e+000  0.000000e+000  0.000000e+000  0.000000e+000  0.000000e+000  0.000000e+000  0.000000e+000  0.000000e+000  0.000000e+000  
0.000000e+000  0.000000e+000  0.000000e+000  0.000000e+000  0.000000e+000  0.000000e+000  0.000000e+000  0.000000e+000  0.000000e+000  0.000000e+000  0.000000e+000  
0.000000e+000  0.000000e+000  0.000000e+000  0.000000e+000  0.000000e+000  0.000000e+000  0.000000e+000  0.000000e+000  0.000000e+000  0.000000e+000  0.000000e+000  
0.000000e+000  0.000000e+000  0.000000e+000  0.000000e+000  0.000000e+000  0.000000e+000  0.000000e+000  0.000000e+000  0.000000e+000  0.000000e+000  0.000000e+000  
0.000000e+000  0.000000e+000  0.000000e+000  0.000000e+000  0.000000e+000  0.000000e+000  0.000000e+000  0.000000e+000  0.000000e+000  0.000000e+000  0.000000e+000  
0.000000e+000  0.000000e+000  0.000000e+000  0.000000e+000  0.000000e+000  0.000000e+000  0.000000e+000  0.000000e+000  0.000000e+000  0.000000e+000  0.000000e+000  
0.000000e+000  0.000000e+000  0.000000e+000  0.000000e+000  0.000000e+000  0.000000e+000  0.000000e+000  0.000000e+000  0.000000e+000  0.000000e+000  0.000000e+000  
0.000000e+000  0.000000e+000  0.000000e+000  0.000000e+000  0.000000e+000  0.000000e+000  0.000000e+000  0.000000e+000  0.000000e+000  0.000000e+000  0.000000e+000  
0.000000e+000  0.000000e+000  0.000000e+000  0.000000e+000  0.000000e+000  0.000000e+000  0.000000e+000  0.000000e+000  0.000000e+000  0.000000e+000  0.000000e+000  
0.000000e+000  0.000000e+000  0.000000e+000  0.000000e+000  0.000000e+000  0.000000e+000  0.000000e+000  0.000000e+000  0.000000e+000  0.000000e+000  0.000000e+000  
0.000000e+000  0.000000e+000  0.000000e+000  0.000000e+000  0.000000e+000  0.000000e+000  0.000000e+000  0.000000e+000  0.000000e+000  0.000000e+000  0.000000e+000  
0.000000e+000  0.000000e+000  0.000000e+000  0.000000e+000  0.000000e+000  0.000000e+000  0.000000e+000  0.000000e+000  0.000000e+000  0.000000e+000  0.000000e+000  

0.000000e+000  0.000000e+000  0.000000e+000  0.000000e+000  0.000000e+000  0.000000e+000  0.000000e+000  0.000000e+000  0.000000e+000  0.000000e+000  0.000000e+000  
0.000000e+000  0.000000e+000  0.000000e+000  0.000000e+000  0.000000e+000  0.000000e+000  0.000000e+000  0.000000e+000  0.000000e+000  0.000000e+000  0.000000e+000  
0.000000e+000  0.000000e+000  0.000000e+000  0.000000e+000  0.000000e+000  0.000000e+000  0.000000e+000  0.000000e+000  0.000000e+000  0.000000e+000  0.000000e+000  
0.000000e+000  0.000000e+000  0.000000e+000  0.000000e+000  0.000000e+000  0.000000e+000  0.000000e+000  0.000000e+000  0.000000e+000  0.000000e+000  0.000000e+000  
0.000000e+000  0.000000e+000  0.000000e+000  0.000000e+000  0.000000e+000  0.000000e+000  0.000000e+000  0.000000e+000  0.000000e+000  0.000000e+000  0.000000e+000  
0.000000e+000  0.000000e+000  0.000000e+000  0.000000e+000  0.000000e+000  0.000000e+000  0.000000e+000  0.000000e+000  0.000000e+000  0.000000e+000  0.000000e+000  
0.000000e+000  0.000000e+000  0.000000e+000  0.000000e+000  0.000000e+000  0.000000e+000  0.000000e+000  0.000000e+000  0.000000e+000  0.000000e+000  0.000000e+000  
0.000000e+000  0.000000e+000  0.000000e+000  0.000000e+000  0.000000e+000  0.000000e+000  0.000000e+000  0.000000e+000  0.000000e+000  0.000000e+000  0.000000e+000  
0.000000e+000  0.000000e+000  0.000000e+000  0.000000e+000  0.000000e+000  0.000000e+000  0.000000e+000  0.000000e+000  0.000000e+000  0.000000e+000  0.000000e+000  
0.000000e+000  0.000000e+000  0.000000e+000  0.000000e+000  0.000000e+000  0.000000e+000  0.000000e+000  0.000000e+000  0.000000e+000  0.000000e+000  0.000000e+000  
0.000000e+000  0.000000e+000  0.000000e+000  0.000000e+000  0.000000e+000  0.000000e+000  0.000000e+000  0.000000e+000  0.000000e+000  0.000000e+000  0.000000e+000  
0.000000e+000  0.000000e+000  0.000000e+000  0.000000e+000  0.000000e+000  0.000000e+000  0.000000e+000  0.000000e+000  0.000000e+000  0.000000e+000  0.000000e+000  
0.000000e+000  0.000000e+000  0.000000e+000  0.000000e+000  0.000000e+000  0.000000e+000  0.000000e+000  0.000000e+000  0.000000e+000  0.000000e+000  0.000000e+000  
0.000000e+000  0.000000e+000  0.000000e+000  0.000000e+000  0.000000e+000  0.000000e+000  0.000000e+000  0.000000e+000  0.000000e+000  0.000000e+000  0.000000e+000  
0.000000e+000  0.000000e+000  0.000000e+000  0.000000e+000  0.000000e+000  0.000000e+000  0.000000e+000  0.000000e+000  0.000000e+000  0.000000e+000  0.000000e+000  
0.000000e+000  0.000000e+000  0.000000e+000  0.000000e+000  0.000000e+000  0.000000e+000  0.000000e+000  0.000000e+000  0.000000e+000  0.000000e+000  0.000000e+000  
0.000000e+000  0.000000e+000  0.000000e+000  0.000000e+000  0.000000e+000  0.000000e+000  0.000000e+000  0.000000e+000  0.000000e+000  0.000000e+000  0.000000e+000  

0.000000e+000  0.000000e+000  0.000000e+000  0.000000e+000  0.000000e+000  0.000000e+000  0.000000e+000  0.000000e+000  0.000000e+000  0.000000e+000  0.000000e+000  
0.000000e+000  0.000000e+000  0.000000e+000  0.000000e+000  0.000000e+000  0.000000e+000  0.000000e+000  0.000000e+000  0.000000e+000  0.000000e+000  0.000000e+000  
0.000000e+000  0.000000e+000  0.000000e+000  0.000000e+000  0.000000e+000  0.000000e+000  0.000000e+000  0.000000e+000  0.000000e+000  0.000000e+000  0.000000e+000  
0.000000e+000  0.000000e+000  0.000000e+000  0.000000e+000  0.000000e+000  0.000000e+000  0.000000e+000  0.000000e+000  0.000000e+000  0.000000e+000  0.000000e+000  
0.000000e+000  0.000000e+000  0.000000e+000  0.000000e+000  0.000000e+000  0.000000e+000  0.000000e+000  0.000000e+000  0.000000e+000  0.000000e+000  0.000000e+000  
0.000000e+000  0.000000e+000  0.000000e+000  0.000000e+000  0.000000e+000  0.000000e+000  0.000000e+000  0.000000e+000  0.000000e+000  0.000000e+000  0.000000e+000  
0.000000e+000  0.000000e+000  0.000000e+000  0.000000e+000  0.000000e+000  0.000000e+000  0.000000e+000  0.000000e+000  0.000000e+000  0.000000e+000  0.000000e+000  
0.000000e+000  0.000000e+000  0.000000e+000  0.000000e+000  0.000000e+000  0.000000e+000  0.000000e+000  0.000000e+000  0.000000e+000  0.000000e+000  0.000000e+000  
0.000000e+000  0.000000e+000  0.000000e+000  0.000000e+000  0.000000e+000  0.000000e+000  0.000000e+000  0.000000e+000  0.000000e+000  0.000000e+000  0.000000e+000  
0.000000e+000  0.000000e+000  0.000000e+000  0.000000e+000  0.000000e+000  0.000000e+000  0.000000e+000  0.000000e+000  0.000000e+000  0.000000e+000  0.000000e+000  
0.000000e+000  0.000000e+000  0.000000e+000  0.000000e+000  0.000000e+000  0.000000e+000  0.000000e+000  0.000000e+000  0.000000e+000  0.000000e+000  0.000000e+000  
0.000000e+000  0.000000e+000  0.000000e+000  0.000000e+000  0.000000e+000  0.000000e+000  0.000000e+000  0.000000e+000  0.000000e+000  0.000000e+000  0.000000e+000  
0.000000e+000  0.000000e+000  0.000000e+000  0.000000e+000  0.000000e+000  0.000000e+000  0.000000e+000  0.000000e+000  0.000000e+000  0.000000e+000  0.000000e+000  
0.000000e+000  0.000000e+000  0.000000e+000  0.000000e+000  0.000000e+000  0.000000e+000  0.000000e+000  0.000000e+000  0.000000e+000  0.000000e+000  0.000000e+000  
0.000000e+000  0.000000e+000  0.000000e+000  0.000000e+000  0.000000e+000  0.000000e+000  0.000000e+000  0.000000e+000  0.000000e+000  0.000000e+000  0.000000e+000  
0.000000e+000  0.000000e+000  0.000000e+000  0.000000e+000  0.000000e+000  0.000000e+000  0.000000e+000  0.000000e+000  0.000000e+000  0.000000e+000  0.000000e+000  
0.000000e+000  0.000000e+000  0.000000e+000  0.000000e+000  0.000000e+000  0.000000e+000  0.000000e+000  0.000000e+000  0.000000e+000  0.000000e+000  0.000000e+000  

-3.900210e-001  -3.877021e-001  -3.830954e-001  -3.761302e-001  -3.674818e-001  -3.575378e-001  -3.321102e-001  -2.800946e-001  -2.328834e-001  -2.077889e-001  -0.000000e+000  
-4.458293e-001  -4.426878e-001  -4.364086e-001  -4.256237e-001  -4.110484e-001  -3.946659e-001  -3.538486e-001  -2.802360e-001  -2.215914e-001  -1.926505e-001  -0.000000e+000  
-5.793756e-001  -5.753793e-001  -5.669502e-001  -5.453025e-001  -5.111996e-001  -4.747905e-001  -3.889996e-001  -2.680757e-001  -1.913765e-001  -1.581170e-001  -0.000000e+000  
-7.937845e-001  -8.005474e-001  -8.098664e-001  -7.660503e-001  -6.699053e-001  -5.787293e-001  -3.894888e-001  -2.137270e-001  -1.328541e-001  -1.032209e-001  -0.000000e+000  
-8.213723e-001  -8.880240e-001  -1.011852e+000  -9.546092e-001  -7.245137e-001  -5.547016e-001  -2.883274e-001  -1.356753e-001  -7.989233e-002  -6.097823e-002  -0.000000e+000  
-7.442449e-001  -8.474438e-001  -1.062931e+000  -1.001656e+000  -6.869892e-001  -4.904566e-001  -2.260714e-001  -9.922718e-002  -5.702447e-002  -4.319038e-002  -0.000000e+000  
-5.310559e-001  -6.587725e-001  -9.984759e-001  -9.387150e-001  -5.312692e-001  -3.436622e-001  -1.408855e-001  -5.850998e-002  -3.302958e-002  -2.488216e-002  -0.000000e+000  
-1.814253e-001  -2.302306e-001  -3.560663e-001  -3.335945e-001  -1.853250e-001  -1.166362e-001  -4.564622e-002  -1.852537e-002  -1.038184e-002  -7.804112e-003  -0.000000e+000  
1.814253e-001  2.302306e-001  3.560663e-001  3.335945e-001  1.853250e-001  1.166362e-001  4.564622e-002  1.852537e-002  1.038184e-002  7.804113e-003  -0.000000e+000  
5.310559e-001  6.587725e-001  9.984759e-001  9.387150e-001  5.312692e-001  3.436622e-001  1.408855e-001  5.850998e-002  3.302958e-002  2.488216e-002  -0.000000e+000  
7.442449e-001  8.474438e-001  1.062931e+000  1.001656e+000  6.869892e-001  4.904566e-001  2.260714e-001  9.922718e-002  5.702447e-002  4.319038e-002  -0.000000e+000  
8.213723e-001  8.880240e-001  1.011852e+000  9.546092e-001  7.245137e-001  5.547016e-001  2.883274e-001  1.356753e-001  7.989233e-002  6.097823e-002  -0.000000e+000  
7.937845e-001  8.005474e-001  8.098664e-001  7.660503e-001  6.699053e-001  5.787293e-001  3.894888e-001  2.137270e-001  1.328541e-001  1.032209e-001  -0.000000e+000  
5.793756e-001  5.753793e-001  5.669502e-001  5.453025e-001  5.111996e-001  4.747905e-001  3.889996e-001  2.680757e-001  1.913765e-001  1.581170e-001  -0.000000e+000  
4.458293e-001  4.426878e-001  4.364086e-001  4.256237e-001  4.110484e-001  3.946659e-001  3.538486e-001  2.802360e-001  2.215914e-001  1.926505e-001  -0.000000e+000  
3.900210e-001  3.877021e-001  3.830954e-001  3.761302e-001  3.674818e-001  3.575378e-001  3.321102e-001  2.800946e-001  2.328834e-001  2.077889e-001  -0.000000e+000  
-0.000000e+000  -0.000000e+000  -0.000000e+000  -0.000000e+000  -0.000000e+000  -0.000000e+000  -0.000000e+000  -0.000000e+000  -0.000000e+000  -0.000000e+000  -0.000000e+000  

