Port monitor named: Port1_h1[2.5].prt

nx        = 57
ny        = 48
nz        = 24

nu        = 9
nv        = 41
iu        = 9
iv        = 9

idir      = 1
dcut      = -2.800000e-002
icut      = 8
type      = 1
frequency = 2.500000e+009

fcutoff   = 0.000000e+000
alpha     = 0.000000e+000
beta      = 9.479697e+001
accuracy  = 1.734720e-010

type          = QTEM
wave imp.     = 2.105086e+002
wave imp.sig. = 0.000000e+000
line imp.     = 7.073819e+001

ref. port     = 0

-3.141365e-003  -3.387264e-003  -3.508804e-003  -1.904995e-003  -4.758617e-004  8.949610e-004  1.777127e-003  2.308761e-003  2.568780e-003  
-8.361717e-003  -1.048908e-002  -1.445781e-002  -5.348639e-003  -6.244017e-004  3.286346e-003  5.778765e-003  7.306198e-003  8.066263e-003  
-4.100848e-003  -3.749667e-003  0.000000e+000  -1.828862e-003  2.626459e-003  7.457965e-003  1.105591e-002  1.343163e-002  1.466297e-002  
-1.492108e-003  -1.141998e-003  0.000000e+000  3.316051e-003  7.548643e-003  1.328418e-002  1.803193e-002  2.132546e-002  2.308048e-002  
-5.182670e-004  -3.755194e-004  0.000000e+000  6.325278e-003  1.257903e-002  2.052052e-002  2.706205e-002  3.162356e-002  3.406850e-002  
-1.154336e-004  -8.211650e-005  0.000000e+000  1.041066e-002  2.035732e-002  3.261028e-002  4.255151e-002  4.944294e-002  5.312714e-002  
-2.127488e-005  -1.506292e-005  0.000000e+000  1.803575e-002  3.518851e-002  5.615649e-002  7.302990e-002  8.465377e-002  9.083386e-002  
-5.808462e-006  -4.118637e-006  0.000000e+000  2.822437e-002  5.500297e-002  8.756738e-002  1.135674e-001  1.313438e-001  1.407212e-001  
-1.924684e-006  -1.354124e-006  0.000000e+000  3.915749e-002  7.620727e-002  1.209852e-001  1.563971e-001  1.803833e-001  1.929139e-001  
-6.346125e-007  -4.443120e-007  0.000000e+000  5.466790e-002  1.061479e-001  1.677024e-001  2.155773e-001  2.474795e-001  2.638642e-001  
-2.243602e-007  -1.524710e-007  0.000000e+000  7.615521e-002  1.473001e-001  2.308389e-001  2.939991e-001  3.349261e-001  3.553419e-001  
-6.039151e-008  -6.342858e-008  0.000000e+000  1.058317e-001  2.034677e-001  3.148252e-001  3.952391e-001  4.449862e-001  4.686126e-001  
-3.763536e-008  -2.085901e-008  0.000000e+000  1.506162e-001  2.867240e-001  4.344098e-001  5.327561e-001  5.885644e-001  6.126130e-001  
-1.335565e-008  -4.504918e-009  0.000000e+000  2.341979e-001  4.381655e-001  6.388972e-001  7.513582e-001  8.026441e-001  8.186955e-001  
0.000000e+000  -1.385718e-009  0.000000e+000  4.298123e-001  7.782423e-001  1.046436e+000  1.128109e+000  1.124518e+000  1.101483e+000  
1.700213e-009  -1.886335e-009  0.000000e+000  8.393041e-001  1.464000e+000  1.720051e+000  1.614931e+000  1.444635e+000  1.331717e+000  
-1.428994e-010  -2.317247e-009  0.000000e+000  1.597923e+000  2.768827e+000  2.690367e+000  2.119217e+000  1.660073e+000  1.425289e+000  
-7.086064e-009  1.848907e-009  0.000000e+000  3.167013e+000  6.079318e+000  4.199652e+000  2.533705e+000  1.645612e+000  1.286382e+000  
1.378850e-008  1.777093e-009  0.000000e+000  4.922531e+000  1.494254e+001  5.352991e+000  2.227977e+000  1.183713e+000  8.513822e-001  
-1.506889e-008  4.786535e-009  0.000000e+000  2.459517e+000  0.000000e+000  2.028891e+000  8.711265e-001  4.430775e-001  3.080652e-001  
1.406333e-008  -6.222751e-009  0.000000e+000  -2.459517e+000  0.000000e+000  -2.028892e+000  -8.711265e-001  -4.430775e-001  -3.080652e-001  
1.025219e-009  -5.681023e-009  0.000000e+000  -4.922531e+000  -1.494254e+001  -5.352991e+000  -2.227977e+000  -1.183713e+000  -8.513822e-001  
-2.559659e-009  7.640035e-009  0.000000e+000  -3.167013e+000  -6.079318e+000  -4.199652e+000  -2.533705e+000  -1.645612e+000  -1.286382e+000  
8.341582e-009  -5.461827e-009  0.000000e+000  -1.597923e+000  -2.768827e+000  -2.690367e+000  -2.119217e+000  -1.660073e+000  -1.425289e+000  
-1.067062e-008  8.859709e-009  0.000000e+000  -8.393041e-001  -1.464000e+000  -1.720051e+000  -1.614931e+000  -1.444635e+000  -1.331717e+000  
7.874497e-009  -8.766886e-010  0.000000e+000  -4.298123e-001  -7.782423e-001  -1.046436e+000  -1.128109e+000  -1.124518e+000  -1.101483e+000  
9.826924e-009  2.885569e-009  0.000000e+000  -2.341979e-001  -4.381655e-001  -6.388972e-001  -7.513582e-001  -8.026441e-001  -8.186955e-001  
1.355542e-008  3.153327e-008  0.000000e+000  -1.506162e-001  -2.867240e-001  -4.344098e-001  -5.327561e-001  -5.885644e-001  -6.126130e-001  
1.045461e-007  4.226587e-008  0.000000e+000  -1.058317e-001  -2.034677e-001  -3.148252e-001  -3.952391e-001  -4.449862e-001  -4.686126e-001  
2.075251e-007  1.635532e-007  0.000000e+000  -7.615521e-002  -1.473002e-001  -2.308389e-001  -2.939991e-001  -3.349261e-001  -3.553419e-001  
6.304545e-007  4.390248e-007  0.000000e+000  -5.466791e-002  -1.061478e-001  -1.677024e-001  -2.155773e-001  -2.474795e-001  -2.638642e-001  
1.908961e-006  1.364897e-006  0.000000e+000  -3.915748e-002  -7.620728e-002  -1.209852e-001  -1.563971e-001  -1.803833e-001  -1.929139e-001  
5.832004e-006  4.113761e-006  0.000000e+000  -2.822437e-002  -5.500296e-002  -8.756738e-002  -1.135674e-001  -1.313438e-001  -1.407212e-001  
2.126979e-005  1.506285e-005  0.000000e+000  -1.803575e-002  -3.518850e-002  -5.615650e-002  -7.302990e-002  -8.465377e-002  -9.083386e-002  
1.154313e-004  8.211801e-005  0.000000e+000  -1.041066e-002  -2.035733e-002  -3.261028e-002  -4.255151e-002  -4.944293e-002  -5.312714e-002  
5.182675e-004  3.755222e-004  0.000000e+000  -6.325278e-003  -1.257902e-002  -2.052052e-002  -2.706205e-002  -3.162356e-002  -3.406850e-002  
1.492103e-003  1.141996e-003  0.000000e+000  -3.316043e-003  -7.548646e-003  -1.328418e-002  -1.803193e-002  -2.132546e-002  -2.308048e-002  
4.100854e-003  3.749661e-003  0.000000e+000  1.828852e-003  -2.626454e-003  -7.457977e-003  -1.105591e-002  -1.343163e-002  -1.466297e-002  
8.361707e-003  1.048909e-002  1.445780e-002  5.348644e-003  6.243927e-004  -3.286346e-003  -5.778766e-003  -7.306199e-003  -8.066259e-003  
3.141371e-003  3.387255e-003  3.508812e-003  1.904988e-003  4.758644e-004  -8.949613e-004  -1.777129e-003  -2.308765e-003  -2.568776e-003  
0.000000e+000  0.000000e+000  0.000000e+000  0.000000e+000  0.000000e+000  0.000000e+000  0.000000e+000  0.000000e+000  0.000000e+000  

-2.066365e-003  -6.522477e-003  -1.112673e-002  -1.356909e-002  -1.417233e-002  -1.232378e-002  -8.829417e-003  -3.461980e-003  0.000000e+000  
-1.717037e-003  -6.401680e-003  -1.363692e-002  -1.583847e-002  -1.580547e-002  -1.340201e-002  -9.491040e-003  -3.697587e-003  0.000000e+000  
1.421811e-003  5.905140e-003  -2.591368e-002  -2.334645e-002  -2.051108e-002  -1.648515e-002  -1.141258e-002  -4.392458e-003  0.000000e+000  
8.628284e-004  2.585952e-003  -3.471131e-002  -3.095355e-002  -2.665863e-002  -2.112504e-002  -1.450097e-002  -5.549327e-003  0.000000e+000  
3.219456e-004  8.285760e-004  -4.118630e-002  -3.876427e-002  -3.428288e-002  -2.741455e-002  -1.886351e-002  -7.221485e-003  0.000000e+000  
1.019848e-004  2.505292e-004  -5.294826e-002  -5.032439e-002  -4.496078e-002  -3.617510e-002  -2.496201e-002  -9.569399e-003  0.000000e+000  
1.931483e-005  4.682236e-005  -8.382695e-002  -7.983083e-002  -7.153081e-002  -5.768956e-002  -3.985956e-002  -1.529077e-002  0.000000e+000  
3.903613e-006  9.454704e-006  -1.370614e-001  -1.305079e-001  -1.168686e-001  -9.414083e-002  -6.496273e-002  -2.488545e-002  0.000000e+000  
1.301772e-006  3.114031e-006  -1.885377e-001  -1.794161e-001  -1.604290e-001  -1.289242e-001  -8.876128e-002  -3.392044e-002  0.000000e+000  
4.235182e-007  1.029223e-006  -2.596865e-001  -2.468623e-001  -2.201847e-001  -1.762472e-001  -1.208809e-001  -4.601345e-002  0.000000e+000  
1.307145e-007  3.451693e-007  -3.585322e-001  -3.401924e-001  -3.021185e-001  -2.402104e-001  -1.636936e-001  -6.190198e-002  0.000000e+000  
2.980345e-008  1.308601e-007  -4.834286e-001  -4.573288e-001  -4.033673e-001  -3.173587e-001  -2.141257e-001  -8.016966e-002  0.000000e+000  
3.356414e-008  4.184671e-008  -6.555667e-001  -6.170529e-001  -5.380222e-001  -4.160256e-001  -2.761875e-001  -1.017753e-001  0.000000e+000  
1.019959e-008  1.244906e-008  -8.977607e-001  -8.377981e-001  -7.162933e-001  -5.380283e-001  -3.477780e-001  -1.249251e-001  0.000000e+000  
-6.251689e-009  4.032779e-009  -1.389952e+000  -1.272034e+000  -1.038532e+000  -7.293618e-001  -4.433091e-001  -1.502472e-001  0.000000e+000  
-3.659501e-009  1.436319e-009  -2.267971e+000  -1.997687e+000  -1.473427e+000  -8.941068e-001  -4.737957e-001  -1.406847e-001  0.000000e+000  
1.294086e-009  -1.183346e-009  -3.517094e+000  -2.949000e+000  -1.807381e+000  -8.399596e-001  -3.335796e-001  -6.968990e-002  0.000000e+000  
4.266201e-009  -4.365566e-009  -5.836168e+000  -4.680604e+000  -1.821299e+000  -3.217051e-001  9.642887e-002  8.958321e-002  0.000000e+000  
-8.044661e-009  -1.777093e-009  -1.033947e+001  -8.848511e+000  -2.614180e-002  1.304959e+000  9.635265e-001  3.409185e-001  0.000000e+000  
3.931413e-009  0.000000e+000  -1.532956e+001  -1.778656e+001  8.092354e+000  3.557133e+000  1.711016e+000  5.107640e-001  0.000000e+000  
-1.597406e-008  4.815897e-009  -1.781517e+001  -2.273119e+001  9.930023e+000  4.391213e+000  2.018106e+000  5.799948e-001  0.000000e+000  
4.432561e-009  -1.511032e-009  -1.532956e+001  -1.778656e+001  8.092354e+000  3.557133e+000  1.711016e+000  5.107640e-001  0.000000e+000  
1.103990e-008  -7.158080e-009  -1.033947e+001  -8.848511e+000  -2.614180e-002  1.304959e+000  9.635265e-001  3.409185e-001  0.000000e+000  
-3.042692e-009  3.511182e-009  -5.836168e+000  -4.680604e+000  -1.821299e+000  -3.217051e-001  9.642888e-002  8.958321e-002  0.000000e+000  
1.619127e-008  -4.088876e-009  -3.517094e+000  -2.949000e+000  -1.807381e+000  -8.399596e-001  -3.335796e-001  -6.968990e-002  0.000000e+000  
-1.104045e-008  8.166480e-009  -2.267971e+000  -1.997687e+000  -1.473427e+000  -8.941068e-001  -4.737957e-001  -1.406847e-001  0.000000e+000  
5.115867e-009  6.567923e-009  -1.389952e+000  -1.272034e+000  -1.038532e+000  -7.293618e-001  -4.433091e-001  -1.502472e-001  0.000000e+000  
1.804345e-008  1.199024e-008  -8.977607e-001  -8.377981e-001  -7.162933e-001  -5.380283e-001  -3.477780e-001  -1.249251e-001  0.000000e+000  
-6.769722e-009  5.613856e-008  -6.555667e-001  -6.170529e-001  -5.380222e-001  -4.160256e-001  -2.761875e-001  -1.017753e-001  0.000000e+000  
8.006059e-008  1.158287e-007  -4.834286e-001  -4.573288e-001  -4.033673e-001  -3.173587e-001  -2.141257e-001  -8.016967e-002  0.000000e+000  
1.422361e-007  3.455370e-007  -3.585322e-001  -3.401924e-001  -3.021185e-001  -2.402104e-001  -1.636936e-001  -6.190198e-002  0.000000e+000  
4.367844e-007  1.021519e-006  -2.596865e-001  -2.468623e-001  -2.201846e-001  -1.762473e-001  -1.208809e-001  -4.601345e-002  0.000000e+000  
1.274743e-006  3.122681e-006  -1.885377e-001  -1.794161e-001  -1.604290e-001  -1.289242e-001  -8.876128e-002  -3.392044e-002  0.000000e+000  
3.919825e-006  9.456069e-006  -1.370614e-001  -1.305079e-001  -1.168686e-001  -9.414083e-002  -6.496273e-002  -2.488545e-002  0.000000e+000  
1.931877e-005  4.682356e-005  -8.382695e-002  -7.983084e-002  -7.153079e-002  -5.768957e-002  -3.985956e-002  -1.529077e-002  0.000000e+000  
1.019795e-004  2.505342e-004  -5.294826e-002  -5.032438e-002  -4.496079e-002  -3.617510e-002  -2.496201e-002  -9.569393e-003  0.000000e+000  
3.219367e-004  8.285852e-004  -4.118630e-002  -3.876428e-002  -3.428288e-002  -2.741454e-002  -1.886351e-002  -7.221485e-003  0.000000e+000  
8.628163e-004  2.585958e-003  -3.471132e-002  -3.095355e-002  -2.665864e-002  -2.112503e-002  -1.450097e-002  -5.549327e-003  0.000000e+000  
1.421818e-003  5.905136e-003  -2.591368e-002  -2.334646e-002  -2.051107e-002  -1.648515e-002  -1.141258e-002  -4.392453e-003  0.000000e+000  
-1.717049e-003  -6.401665e-003  -1.363694e-002  -1.583847e-002  -1.580547e-002  -1.340201e-002  -9.491042e-003  -3.697586e-003  0.000000e+000  
-2.066354e-003  -6.522486e-003  -1.112672e-002  -1.356909e-002  -1.417233e-002  -1.232378e-002  -8.829418e-003  -3.461984e-003  0.000000e+000  

0.000000e+000  0.000000e+000  0.000000e+000  0.000000e+000  0.000000e+000  0.000000e+000  0.000000e+000  0.000000e+000  0.000000e+000  
0.000000e+000  0.000000e+000  0.000000e+000  0.000000e+000  0.000000e+000  0.000000e+000  0.000000e+000  0.000000e+000  0.000000e+000  
0.000000e+000  0.000000e+000  0.000000e+000  0.000000e+000  0.000000e+000  0.000000e+000  0.000000e+000  0.000000e+000  0.000000e+000  
0.000000e+000  0.000000e+000  0.000000e+000  0.000000e+000  0.000000e+000  0.000000e+000  0.000000e+000  0.000000e+000  0.000000e+000  
0.000000e+000  0.000000e+000  0.000000e+000  0.000000e+000  0.000000e+000  0.000000e+000  0.000000e+000  0.000000e+000  0.000000e+000  
0.000000e+000  0.000000e+000  0.000000e+000  0.000000e+000  0.000000e+000  0.000000e+000  0.000000e+000  0.000000e+000  0.000000e+000  
0.000000e+000  0.000000e+000  0.000000e+000  0.000000e+000  0.000000e+000  0.000000e+000  0.000000e+000  0.000000e+000  0.000000e+000  
0.000000e+000  0.000000e+000  0.000000e+000  0.000000e+000  0.000000e+000  0.000000e+000  0.000000e+000  0.000000e+000  0.000000e+000  
0.000000e+000  0.000000e+000  0.000000e+000  0.000000e+000  0.000000e+000  0.000000e+000  0.000000e+000  0.000000e+000  0.000000e+000  
0.000000e+000  0.000000e+000  0.000000e+000  0.000000e+000  0.000000e+000  0.000000e+000  0.000000e+000  0.000000e+000  0.000000e+000  
0.000000e+000  0.000000e+000  0.000000e+000  0.000000e+000  0.000000e+000  0.000000e+000  0.000000e+000  0.000000e+000  0.000000e+000  
0.000000e+000  0.000000e+000  0.000000e+000  0.000000e+000  0.000000e+000  0.000000e+000  0.000000e+000  0.000000e+000  0.000000e+000  
0.000000e+000  0.000000e+000  0.000000e+000  0.000000e+000  0.000000e+000  0.000000e+000  0.000000e+000  0.000000e+000  0.000000e+000  
0.000000e+000  0.000000e+000  0.000000e+000  0.000000e+000  0.000000e+000  0.000000e+000  0.000000e+000  0.000000e+000  0.000000e+000  
0.000000e+000  0.000000e+000  0.000000e+000  0.000000e+000  0.000000e+000  0.000000e+000  0.000000e+000  0.000000e+000  0.000000e+000  
0.000000e+000  0.000000e+000  0.000000e+000  0.000000e+000  0.000000e+000  0.000000e+000  0.000000e+000  0.000000e+000  0.000000e+000  
0.000000e+000  0.000000e+000  0.000000e+000  0.000000e+000  0.000000e+000  0.000000e+000  0.000000e+000  0.000000e+000  0.000000e+000  
0.000000e+000  0.000000e+000  0.000000e+000  0.000000e+000  0.000000e+000  0.000000e+000  0.000000e+000  0.000000e+000  0.000000e+000  
0.000000e+000  0.000000e+000  0.000000e+000  0.000000e+000  0.000000e+000  0.000000e+000  0.000000e+000  0.000000e+000  0.000000e+000  
0.000000e+000  0.000000e+000  0.000000e+000  0.000000e+000  0.000000e+000  0.000000e+000  0.000000e+000  0.000000e+000  0.000000e+000  
0.000000e+000  0.000000e+000  0.000000e+000  0.000000e+000  0.000000e+000  0.000000e+000  0.000000e+000  0.000000e+000  0.000000e+000  
0.000000e+000  0.000000e+000  0.000000e+000  0.000000e+000  0.000000e+000  0.000000e+000  0.000000e+000  0.000000e+000  0.000000e+000  
0.000000e+000  0.000000e+000  0.000000e+000  0.000000e+000  0.000000e+000  0.000000e+000  0.000000e+000  0.000000e+000  0.000000e+000  
0.000000e+000  0.000000e+000  0.000000e+000  0.000000e+000  0.000000e+000  0.000000e+000  0.000000e+000  0.000000e+000  0.000000e+000  
0.000000e+000  0.000000e+000  0.000000e+000  0.000000e+000  0.000000e+000  0.000000e+000  0.000000e+000  0.000000e+000  0.000000e+000  
0.000000e+000  0.000000e+000  0.000000e+000  0.000000e+000  0.000000e+000  0.000000e+000  0.000000e+000  0.000000e+000  0.000000e+000  
0.000000e+000  0.000000e+000  0.000000e+000  0.000000e+000  0.000000e+000  0.000000e+000  0.000000e+000  0.000000e+000  0.000000e+000  
0.000000e+000  0.000000e+000  0.000000e+000  0.000000e+000  0.000000e+000  0.000000e+000  0.000000e+000  0.000000e+000  0.000000e+000  
0.000000e+000  0.000000e+000  0.000000e+000  0.000000e+000  0.000000e+000  0.000000e+000  0.000000e+000  0.000000e+000  0.000000e+000  
0.000000e+000  0.000000e+000  0.000000e+000  0.000000e+000  0.000000e+000  0.000000e+000  0.000000e+000  0.000000e+000  0.000000e+000  
0.000000e+000  0.000000e+000  0.000000e+000  0.000000e+000  0.000000e+000  0.000000e+000  0.000000e+000  0.000000e+000  0.000000e+000  
0.000000e+000  0.000000e+000  0.000000e+000  0.000000e+000  0.000000e+000  0.000000e+000  0.000000e+000  0.000000e+000  0.000000e+000  
0.000000e+000  0.000000e+000  0.000000e+000  0.000000e+000  0.000000e+000  0.000000e+000  0.000000e+000  0.000000e+000  0.000000e+000  
0.000000e+000  0.000000e+000  0.000000e+000  0.000000e+000  0.000000e+000  0.000000e+000  0.000000e+000  0.000000e+000  0.000000e+000  
0.000000e+000  0.000000e+000  0.000000e+000  0.000000e+000  0.000000e+000  0.000000e+000  0.000000e+000  0.000000e+000  0.000000e+000  
0.000000e+000  0.000000e+000  0.000000e+000  0.000000e+000  0.000000e+000  0.000000e+000  0.000000e+000  0.000000e+000  0.000000e+000  
0.000000e+000  0.000000e+000  0.000000e+000  0.000000e+000  0.000000e+000  0.000000e+000  0.000000e+000  0.000000e+000  0.000000e+000  
0.000000e+000  0.000000e+000  0.000000e+000  0.000000e+000  0.000000e+000  0.000000e+000  0.000000e+000  0.000000e+000  0.000000e+000  
0.000000e+000  0.000000e+000  0.000000e+000  0.000000e+000  0.000000e+000  0.000000e+000  0.000000e+000  0.000000e+000  0.000000e+000  
0.000000e+000  0.000000e+000  0.000000e+000  0.000000e+000  0.000000e+000  0.000000e+000  0.000000e+000  0.000000e+000  0.000000e+000  
0.000000e+000  0.000000e+000  0.000000e+000  0.000000e+000  0.000000e+000  0.000000e+000  0.000000e+000  0.000000e+000  0.000000e+000  

0.000000e+000  0.000000e+000  0.000000e+000  0.000000e+000  0.000000e+000  0.000000e+000  0.000000e+000  0.000000e+000  0.000000e+000  
0.000000e+000  0.000000e+000  0.000000e+000  0.000000e+000  0.000000e+000  0.000000e+000  0.000000e+000  0.000000e+000  0.000000e+000  
0.000000e+000  0.000000e+000  0.000000e+000  0.000000e+000  0.000000e+000  0.000000e+000  0.000000e+000  0.000000e+000  0.000000e+000  
0.000000e+000  0.000000e+000  0.000000e+000  0.000000e+000  0.000000e+000  0.000000e+000  0.000000e+000  0.000000e+000  0.000000e+000  
0.000000e+000  0.000000e+000  0.000000e+000  0.000000e+000  0.000000e+000  0.000000e+000  0.000000e+000  0.000000e+000  0.000000e+000  
0.000000e+000  0.000000e+000  0.000000e+000  0.000000e+000  0.000000e+000  0.000000e+000  0.000000e+000  0.000000e+000  0.000000e+000  
0.000000e+000  0.000000e+000  0.000000e+000  0.000000e+000  0.000000e+000  0.000000e+000  0.000000e+000  0.000000e+000  0.000000e+000  
0.000000e+000  0.000000e+000  0.000000e+000  0.000000e+000  0.000000e+000  0.000000e+000  0.000000e+000  0.000000e+000  0.000000e+000  
0.000000e+000  0.000000e+000  0.000000e+000  0.000000e+000  0.000000e+000  0.000000e+000  0.000000e+000  0.000000e+000  0.000000e+000  
0.000000e+000  0.000000e+000  0.000000e+000  0.000000e+000  0.000000e+000  0.000000e+000  0.000000e+000  0.000000e+000  0.000000e+000  
0.000000e+000  0.000000e+000  0.000000e+000  0.000000e+000  0.000000e+000  0.000000e+000  0.000000e+000  0.000000e+000  0.000000e+000  
0.000000e+000  0.000000e+000  0.000000e+000  0.000000e+000  0.000000e+000  0.000000e+000  0.000000e+000  0.000000e+000  0.000000e+000  
0.000000e+000  0.000000e+000  0.000000e+000  0.000000e+000  0.000000e+000  0.000000e+000  0.000000e+000  0.000000e+000  0.000000e+000  
0.000000e+000  0.000000e+000  0.000000e+000  0.000000e+000  0.000000e+000  0.000000e+000  0.000000e+000  0.000000e+000  0.000000e+000  
0.000000e+000  0.000000e+000  0.000000e+000  0.000000e+000  0.000000e+000  0.000000e+000  0.000000e+000  0.000000e+000  0.000000e+000  
0.000000e+000  0.000000e+000  0.000000e+000  0.000000e+000  0.000000e+000  0.000000e+000  0.000000e+000  0.000000e+000  0.000000e+000  
0.000000e+000  0.000000e+000  0.000000e+000  0.000000e+000  0.000000e+000  0.000000e+000  0.000000e+000  0.000000e+000  0.000000e+000  
0.000000e+000  0.000000e+000  0.000000e+000  0.000000e+000  0.000000e+000  0.000000e+000  0.000000e+000  0.000000e+000  0.000000e+000  
0.000000e+000  0.000000e+000  0.000000e+000  0.000000e+000  0.000000e+000  0.000000e+000  0.000000e+000  0.000000e+000  0.000000e+000  
0.000000e+000  0.000000e+000  0.000000e+000  0.000000e+000  0.000000e+000  0.000000e+000  0.000000e+000  0.000000e+000  0.000000e+000  
0.000000e+000  0.000000e+000  0.000000e+000  0.000000e+000  0.000000e+000  0.000000e+000  0.000000e+000  0.000000e+000  0.000000e+000  
0.000000e+000  0.000000e+000  0.000000e+000  0.000000e+000  0.000000e+000  0.000000e+000  0.000000e+000  0.000000e+000  0.000000e+000  
0.000000e+000  0.000000e+000  0.000000e+000  0.000000e+000  0.000000e+000  0.000000e+000  0.000000e+000  0.000000e+000  0.000000e+000  
0.000000e+000  0.000000e+000  0.000000e+000  0.000000e+000  0.000000e+000  0.000000e+000  0.000000e+000  0.000000e+000  0.000000e+000  
0.000000e+000  0.000000e+000  0.000000e+000  0.000000e+000  0.000000e+000  0.000000e+000  0.000000e+000  0.000000e+000  0.000000e+000  
0.000000e+000  0.000000e+000  0.000000e+000  0.000000e+000  0.000000e+000  0.000000e+000  0.000000e+000  0.000000e+000  0.000000e+000  
0.000000e+000  0.000000e+000  0.000000e+000  0.000000e+000  0.000000e+000  0.000000e+000  0.000000e+000  0.000000e+000  0.000000e+000  
0.000000e+000  0.000000e+000  0.000000e+000  0.000000e+000  0.000000e+000  0.000000e+000  0.000000e+000  0.000000e+000  0.000000e+000  
0.000000e+000  0.000000e+000  0.000000e+000  0.000000e+000  0.000000e+000  0.000000e+000  0.000000e+000  0.000000e+000  0.000000e+000  
0.000000e+000  0.000000e+000  0.000000e+000  0.000000e+000  0.000000e+000  0.000000e+000  0.000000e+000  0.000000e+000  0.000000e+000  
0.000000e+000  0.000000e+000  0.000000e+000  0.000000e+000  0.000000e+000  0.000000e+000  0.000000e+000  0.000000e+000  0.000000e+000  
0.000000e+000  0.000000e+000  0.000000e+000  0.000000e+000  0.000000e+000  0.000000e+000  0.000000e+000  0.000000e+000  0.000000e+000  
0.000000e+000  0.000000e+000  0.000000e+000  0.000000e+000  0.000000e+000  0.000000e+000  0.000000e+000  0.000000e+000  0.000000e+000  
0.000000e+000  0.000000e+000  0.000000e+000  0.000000e+000  0.000000e+000  0.000000e+000  0.000000e+000  0.000000e+000  0.000000e+000  
0.000000e+000  0.000000e+000  0.000000e+000  0.000000e+000  0.000000e+000  0.000000e+000  0.000000e+000  0.000000e+000  0.000000e+000  
0.000000e+000  0.000000e+000  0.000000e+000  0.000000e+000  0.000000e+000  0.000000e+000  0.000000e+000  0.000000e+000  0.000000e+000  
0.000000e+000  0.000000e+000  0.000000e+000  0.000000e+000  0.000000e+000  0.000000e+000  0.000000e+000  0.000000e+000  0.000000e+000  
0.000000e+000  0.000000e+000  0.000000e+000  0.000000e+000  0.000000e+000  0.000000e+000  0.000000e+000  0.000000e+000  0.000000e+000  
0.000000e+000  0.000000e+000  0.000000e+000  0.000000e+000  0.000000e+000  0.000000e+000  0.000000e+000  0.000000e+000  0.000000e+000  
0.000000e+000  0.000000e+000  0.000000e+000  0.000000e+000  0.000000e+000  0.000000e+000  0.000000e+000  0.000000e+000  0.000000e+000  
0.000000e+000  0.000000e+000  0.000000e+000  0.000000e+000  0.000000e+000  0.000000e+000  0.000000e+000  0.000000e+000  0.000000e+000  

0.000000e+000  0.000000e+000  0.000000e+000  0.000000e+000  0.000000e+000  0.000000e+000  0.000000e+000  0.000000e+000  0.000000e+000  
0.000000e+000  0.000000e+000  0.000000e+000  0.000000e+000  0.000000e+000  0.000000e+000  0.000000e+000  0.000000e+000  0.000000e+000  
0.000000e+000  0.000000e+000  0.000000e+000  0.000000e+000  0.000000e+000  0.000000e+000  0.000000e+000  0.000000e+000  0.000000e+000  
0.000000e+000  0.000000e+000  0.000000e+000  0.000000e+000  0.000000e+000  0.000000e+000  0.000000e+000  0.000000e+000  0.000000e+000  
0.000000e+000  0.000000e+000  0.000000e+000  0.000000e+000  0.000000e+000  0.000000e+000  0.000000e+000  0.000000e+000  0.000000e+000  
0.000000e+000  0.000000e+000  0.000000e+000  0.000000e+000  0.000000e+000  0.000000e+000  0.000000e+000  0.000000e+000  0.000000e+000  
0.000000e+000  0.000000e+000  0.000000e+000  0.000000e+000  0.000000e+000  0.000000e+000  0.000000e+000  0.000000e+000  0.000000e+000  
0.000000e+000  0.000000e+000  0.000000e+000  0.000000e+000  0.000000e+000  0.000000e+000  0.000000e+000  0.000000e+000  0.000000e+000  
0.000000e+000  0.000000e+000  0.000000e+000  0.000000e+000  0.000000e+000  0.000000e+000  0.000000e+000  0.000000e+000  0.000000e+000  
0.000000e+000  0.000000e+000  0.000000e+000  0.000000e+000  0.000000e+000  0.000000e+000  0.000000e+000  0.000000e+000  0.000000e+000  
0.000000e+000  0.000000e+000  0.000000e+000  0.000000e+000  0.000000e+000  0.000000e+000  0.000000e+000  0.000000e+000  0.000000e+000  
0.000000e+000  0.000000e+000  0.000000e+000  0.000000e+000  0.000000e+000  0.000000e+000  0.000000e+000  0.000000e+000  0.000000e+000  
0.000000e+000  0.000000e+000  0.000000e+000  0.000000e+000  0.000000e+000  0.000000e+000  0.000000e+000  0.000000e+000  0.000000e+000  
0.000000e+000  0.000000e+000  0.000000e+000  0.000000e+000  0.000000e+000  0.000000e+000  0.000000e+000  0.000000e+000  0.000000e+000  
0.000000e+000  0.000000e+000  0.000000e+000  0.000000e+000  0.000000e+000  0.000000e+000  0.000000e+000  0.000000e+000  0.000000e+000  
0.000000e+000  0.000000e+000  0.000000e+000  0.000000e+000  0.000000e+000  0.000000e+000  0.000000e+000  0.000000e+000  0.000000e+000  
0.000000e+000  0.000000e+000  0.000000e+000  0.000000e+000  0.000000e+000  0.000000e+000  0.000000e+000  0.000000e+000  0.000000e+000  
0.000000e+000  0.000000e+000  0.000000e+000  0.000000e+000  0.000000e+000  0.000000e+000  0.000000e+000  0.000000e+000  0.000000e+000  
0.000000e+000  0.000000e+000  0.000000e+000  0.000000e+000  0.000000e+000  0.000000e+000  0.000000e+000  0.000000e+000  0.000000e+000  
0.000000e+000  0.000000e+000  0.000000e+000  0.000000e+000  0.000000e+000  0.000000e+000  0.000000e+000  0.000000e+000  0.000000e+000  
0.000000e+000  0.000000e+000  0.000000e+000  0.000000e+000  0.000000e+000  0.000000e+000  0.000000e+000  0.000000e+000  0.000000e+000  
0.000000e+000  0.000000e+000  0.000000e+000  0.000000e+000  0.000000e+000  0.000000e+000  0.000000e+000  0.000000e+000  0.000000e+000  
0.000000e+000  0.000000e+000  0.000000e+000  0.000000e+000  0.000000e+000  0.000000e+000  0.000000e+000  0.000000e+000  0.000000e+000  
0.000000e+000  0.000000e+000  0.000000e+000  0.000000e+000  0.000000e+000  0.000000e+000  0.000000e+000  0.000000e+000  0.000000e+000  
0.000000e+000  0.000000e+000  0.000000e+000  0.000000e+000  0.000000e+000  0.000000e+000  0.000000e+000  0.000000e+000  0.000000e+000  
0.000000e+000  0.000000e+000  0.000000e+000  0.000000e+000  0.000000e+000  0.000000e+000  0.000000e+000  0.000000e+000  0.000000e+000  
0.000000e+000  0.000000e+000  0.000000e+000  0.000000e+000  0.000000e+000  0.000000e+000  0.000000e+000  0.000000e+000  0.000000e+000  
0.000000e+000  0.000000e+000  0.000000e+000  0.000000e+000  0.000000e+000  0.000000e+000  0.000000e+000  0.000000e+000  0.000000e+000  
0.000000e+000  0.000000e+000  0.000000e+000  0.000000e+000  0.000000e+000  0.000000e+000  0.000000e+000  0.000000e+000  0.000000e+000  
0.000000e+000  0.000000e+000  0.000000e+000  0.000000e+000  0.000000e+000  0.000000e+000  0.000000e+000  0.000000e+000  0.000000e+000  
0.000000e+000  0.000000e+000  0.000000e+000  0.000000e+000  0.000000e+000  0.000000e+000  0.000000e+000  0.000000e+000  0.000000e+000  
0.000000e+000  0.000000e+000  0.000000e+000  0.000000e+000  0.000000e+000  0.000000e+000  0.000000e+000  0.000000e+000  0.000000e+000  
0.000000e+000  0.000000e+000  0.000000e+000  0.000000e+000  0.000000e+000  0.000000e+000  0.000000e+000  0.000000e+000  0.000000e+000  
0.000000e+000  0.000000e+000  0.000000e+000  0.000000e+000  0.000000e+000  0.000000e+000  0.000000e+000  0.000000e+000  0.000000e+000  
0.000000e+000  0.000000e+000  0.000000e+000  0.000000e+000  0.000000e+000  0.000000e+000  0.000000e+000  0.000000e+000  0.000000e+000  
0.000000e+000  0.000000e+000  0.000000e+000  0.000000e+000  0.000000e+000  0.000000e+000  0.000000e+000  0.000000e+000  0.000000e+000  
0.000000e+000  0.000000e+000  0.000000e+000  0.000000e+000  0.000000e+000  0.000000e+000  0.000000e+000  0.000000e+000  0.000000e+000  
0.000000e+000  0.000000e+000  0.000000e+000  0.000000e+000  0.000000e+000  0.000000e+000  0.000000e+000  0.000000e+000  0.000000e+000  
0.000000e+000  0.000000e+000  0.000000e+000  0.000000e+000  0.000000e+000  0.000000e+000  0.000000e+000  0.000000e+000  0.000000e+000  
0.000000e+000  0.000000e+000  0.000000e+000  0.000000e+000  0.000000e+000  0.000000e+000  0.000000e+000  0.000000e+000  0.000000e+000  
0.000000e+000  0.000000e+000  0.000000e+000  0.000000e+000  0.000000e+000  0.000000e+000  0.000000e+000  0.000000e+000  0.000000e+000  

-1.372850e-004  -4.325980e-004  -7.347664e-004  -8.839035e-004  -9.021127e-004  -7.722273e-004  -5.485896e-004  -2.139019e-004  0.000000e+000  
-3.671107e-004  -1.288448e-003  -2.558935e-003  -2.965059e-003  -2.900872e-003  -2.440510e-003  -1.721327e-003  -6.686060e-004  0.000000e+000  
-1.799680e-004  -5.090159e-004  -5.837461e-003  -5.865244e-003  -5.420842e-003  -4.467045e-003  -3.121021e-003  -1.205836e-003  0.000000e+000  
-6.547717e-005  -1.656969e-004  -1.001586e-002  -9.629712e-003  -8.703481e-003  -7.053974e-003  -4.889772e-003  -1.880467e-003  0.000000e+000  
-2.274172e-005  -5.569763e-005  -1.501253e-002  -1.436433e-002  -1.289381e-002  -1.037758e-002  -7.164372e-003  -2.747583e-003  0.000000e+000  
-5.065351e-006  -1.227160e-005  -2.334692e-002  -2.232364e-002  -1.999086e-002  -1.603519e-002  -1.104418e-002  -4.227765e-003  0.000000e+000  
-9.333560e-007  -2.255218e-006  -3.932229e-002  -3.760800e-002  -3.364711e-002  -2.693409e-002  -1.852159e-002  -7.080412e-003  0.000000e+000  
-2.551576e-007  -6.160838e-007  -5.998753e-002  -5.739271e-002  -5.130950e-002  -4.099334e-002  -2.814604e-002  -1.074437e-002  0.000000e+000  
-8.445785e-008  -2.034226e-007  -8.136550e-002  -7.786837e-002  -6.956400e-002  -5.547444e-002  -3.803003e-002  -1.449636e-002  0.000000e+000  
-2.731681e-008  -6.668377e-008  -1.102210e-001  -1.055206e-001  -9.416746e-002  -7.489385e-002  -5.122548e-002  -1.948348e-002  0.000000e+000  
-9.839784e-009  -2.303850e-008  -1.474259e-001  -1.412061e-001  -1.258244e-001  -9.968509e-002  -6.795233e-002  -2.576146e-002  0.000000e+000  
-3.409302e-009  -8.517537e-009  -1.940027e-001  -1.859551e-001  -1.653633e-001  -1.302946e-001  -8.839017e-002  -3.335430e-002  0.000000e+000  
-8.918632e-010  -3.751651e-009  -2.548787e-001  -2.446470e-001  -2.169321e-001  -1.694963e-001  -1.141344e-001  -4.276631e-002  0.000000e+000  
-8.066018e-010  -6.553848e-010  -3.469165e-001  -3.340611e-001  -2.948942e-001  -2.270266e-001  -1.509095e-001  -5.587010e-002  0.000000e+000  
2.676418e-010  -2.451067e-010  -4.919929e-001  -4.782973e-001  -4.189555e-001  -3.125193e-001  -2.022327e-001  -7.309959e-002  0.000000e+000  
-1.246829e-010  -4.358959e-011  -6.552848e-001  -6.520655e-001  -5.654763e-001  -3.993463e-001  -2.473206e-001  -8.621019e-002  0.000000e+000  
-3.115860e-010  2.195863e-010  -7.977413e-001  -8.301833e-001  -7.116759e-001  -4.641601e-001  -2.712297e-001  -9.050332e-002  0.000000e+000  
5.370018e-010  2.009532e-010  -8.731562e-001  -1.006806e+000  -8.456833e-001  -4.783965e-001  -2.554352e-001  -8.031944e-002  0.000000e+000  
-3.726860e-010  0.000000e+000  -7.126834e-001  -1.013424e+000  -8.161868e-001  -3.678097e-001  -1.767558e-001  -5.265417e-002  0.000000e+000  
-5.278997e-010  3.097436e-010  -2.752079e-001  -3.872955e-001  -3.106676e-001  -1.395748e-001  -6.516834e-002  -1.897075e-002  0.000000e+000  
1.271499e-009  -1.098963e-009  2.752079e-001  3.872955e-001  3.106676e-001  1.395748e-001  6.516834e-002  1.897075e-002  0.000000e+000  
-1.043289e-009  3.584081e-010  7.126834e-001  1.013424e+000  8.161868e-001  3.678097e-001  1.767558e-001  5.265417e-002  0.000000e+000  
3.910177e-010  6.263807e-010  8.731562e-001  1.006806e+000  8.456833e-001  4.783965e-001  2.554352e-001  8.031944e-002  0.000000e+000  
8.088054e-010  -2.395971e-010  7.977413e-001  8.301833e-001  7.116759e-001  4.641601e-001  2.712297e-001  9.050332e-002  0.000000e+000  
-1.279424e-009  -1.655994e-010  6.552848e-001  6.520655e-001  5.654763e-001  3.993463e-001  2.473206e-001  8.621019e-002  0.000000e+000  
1.681899e-010  9.747834e-011  4.919929e-001  4.782973e-001  4.189555e-001  3.125193e-001  2.022327e-001  7.309959e-002  0.000000e+000  
7.777047e-010  5.993677e-010  3.469165e-001  3.340611e-001  2.948942e-001  2.270266e-001  1.509095e-001  5.587010e-002  0.000000e+000  
7.548761e-010  3.440227e-009  2.548787e-001  2.446470e-001  2.169321e-001  1.694963e-001  1.141344e-001  4.276631e-002  0.000000e+000  
4.012289e-009  8.535672e-009  1.940027e-001  1.859551e-001  1.653633e-001  1.302946e-001  8.839017e-002  3.335430e-002  0.000000e+000  
9.458967e-009  2.336059e-008  1.474259e-001  1.412061e-001  1.258244e-001  9.968509e-002  6.795233e-002  2.576146e-002  0.000000e+000  
2.752942e-008  6.636954e-008  1.102210e-001  1.055206e-001  9.416746e-002  7.489385e-002  5.122548e-002  1.948348e-002  0.000000e+000  
8.394356e-008  2.034220e-007  8.136550e-002  7.786837e-002  6.956400e-002  5.547444e-002  3.803003e-002  1.449636e-002  0.000000e+000  
2.558727e-007  6.168945e-007  5.998753e-002  5.739272e-002  5.130950e-002  4.099334e-002  2.814604e-002  1.074437e-002  0.000000e+000  
9.333521e-007  2.255311e-006  3.932229e-002  3.760800e-002  3.364711e-002  2.693409e-002  1.852159e-002  7.080412e-003  0.000000e+000  
5.065375e-006  1.227199e-005  2.334692e-002  2.232364e-002  1.999086e-002  1.603519e-002  1.104418e-002  4.227765e-003  0.000000e+000  
2.274159e-005  5.569772e-005  1.501253e-002  1.436433e-002  1.289381e-002  1.037758e-002  7.164372e-003  2.747582e-003  0.000000e+000  
6.547709e-005  1.656969e-004  1.001585e-002  9.629712e-003  8.703481e-003  7.053975e-003  4.889773e-003  1.880466e-003  0.000000e+000  
1.799682e-004  5.090156e-004  5.837462e-003  5.865244e-003  5.420842e-003  4.467044e-003  3.121021e-003  1.205836e-003  0.000000e+000  
3.671110e-004  1.288447e-003  2.558936e-003  2.965059e-003  2.900872e-003  2.440509e-003  1.721327e-003  6.686061e-004  0.000000e+000  
1.372847e-004  4.325992e-004  7.347657e-004  8.839044e-004  9.021125e-004  7.722272e-004  5.485894e-004  2.139020e-004  0.000000e+000  
0.000000e+000  0.000000e+000  0.000000e+000  0.000000e+000  0.000000e+000  0.000000e+000  0.000000e+000  0.000000e+000  0.000000e+000  

