31/Dec/2021 00:06:58  Build version: 2019.0 Release from 2018-09-20 (change 633648)

31/Dec/2021 00:06:58  Starting adaptive port meshing.
                      
                      ------------------------------------------------------------------------------
31/Dec/2021 00:06:58  Mode calculation for port 1:
                      
                      ------------------------------------------------------------------------------

                      ------------------------------------------------------------------------------

                      ------------------------------------------------------------------------------
31/Dec/2021 00:07:06  Using generalized port mode solver.
                      
                      ------------------------------------------------------------------------------
31/Dec/2021 00:07:06  Port mode solver: Detected dispersive material(s) at port 1. 
                      Using a constant approximation of dispersive material(s) at 2.5 GHz and neglecting loss terms.  More...
                      
                      ------------------------------------------------------------------------------
31/Dec/2021 00:07:07    -------------------------------- F-Calc 2.5 --------------------------------
                        Port   Mode   Type        Z-Wave        Z-Wave-Sigma  Z-Line        F-Cutoff
                        1      1      QTEM        211           0             68.7          ---
                        ----------------------------------------------------------------------------
                      
31/Dec/2021 00:07:08  Pass 1 successfully completed. 

                      ------------------------------------------------------------------------------

                      ------------------------------------------------------------------------------
31/Dec/2021 00:07:16    -------------------------------- F-Calc 2.5 --------------------------------
                        Port   Mode   Type        Z-Wave        Z-Wave-Sigma  Z-Line        F-Cutoff
                        1      1      QTEM        215           3.00e-008     69.9          ---
                        ----------------------------------------------------------------------------
                      
31/Dec/2021 00:07:16  Pass 2 successfully completed. Delta (Line Imp.): 1.64%

                      ------------------------------------------------------------------------------

                      ------------------------------------------------------------------------------
31/Dec/2021 00:07:28    -------------------------------- F-Calc 2.5 --------------------------------
                        Port   Mode   Type        Z-Wave        Z-Wave-Sigma  Z-Line        F-Cutoff
                        1      1      QTEM        250           3.69e-008     70.4          ---
                        ----------------------------------------------------------------------------
                      
31/Dec/2021 00:07:29  Pass 3 successfully completed. Delta (Line Imp.): 0.83%

                      ------------------------------------------------------------------------------

                      ------------------------------------------------------------------------------
31/Dec/2021 00:07:50    -------------------------------- F-Calc 2.5 --------------------------------
                        Port   Mode   Type        Z-Wave        Z-Wave-Sigma  Z-Line        F-Cutoff
                        1      1      QTEM        250           1.99e-007     70.7          ---
                        ----------------------------------------------------------------------------
                      
31/Dec/2021 00:07:51  Pass 4 successfully completed. Delta (Line Imp.): 0.42%
31/Dec/2021 00:07:51  Adaptive port meshing finished. 
                      
                      ------------------------------------------------------------------------------
31/Dec/2021 00:07:51  The following farfield monitor(s) have been adjusted to model box [-32.5039,
                      32.5039, -31.0325, 29.5021, -3.52671, 11.0325].
                        Farfield2.45
                      
                      ------------------------------------------------------------------------------
31/Dec/2021 00:07:52  
                      Solver started at: 12:07 AM Friday, 31. December 2021 (India Standard Time)
                      
                        Module:  Time Domain: S-Parameter (Win 64)
                        Version: 2019.0 Release from 2018-09-20 (change 633648)
                      

                      ------------------------------------------------------------------------------

                      ------------------------------------------------------------------------------
31/Dec/2021 00:07:52  ======================================================================
                       Solver cycle: 1
                      ======================================================================
                      
                      Stimulation at port 1 (mode 1) 
                      
                      
                      
                      ------------------------------------------------------------------------------
31/Dec/2021 00:07:52  Units settings: 
                      
                        Dimensions: mm
                        Frequency:  GHz
                        Time:       ns
                      
                      ------------------------------------------------------------------------------
31/Dec/2021 00:08:11  Mesh statistics:
                      
                         Hexahedral mesh type: PBA [Version: default]
                      
                         Parallelization type: domain decomposition
                            Number of parallel working threads: 2
                            Number of calculation domains used: 2
                      
                         Used point accuracy enhancement value: 75.00%.
                         Used point accuracy enhancement value: 74.00%.
                         PBA fill limit: 99.00% (inverse)

31/Dec/2021 00:07:04     *** Warning ***  current system memory usage reached 85%

31/Dec/2021 00:07:11     *** Warning ***  current system memory usage reached 85%

31/Dec/2021 00:07:23     *** Warning ***  current system memory usage reached 85%

31/Dec/2021 00:07:34     *** Warning ***  current system memory usage reached 85%


31/Dec/2021 00:08:12  Using generalized port mode solver.
                      
                      ------------------------------------------------------------------------------
31/Dec/2021 00:08:13  Port mode solver: Detected dispersive material(s) at port 1. 
                      Using a constant approximation of dispersive material(s) at 2.5 GHz and neglecting loss terms.  More...
                      
                      ------------------------------------------------------------------------------
31/Dec/2021 00:08:13  Boundary conditions: 
                      
                        YZsymmetry: none
                        XZsymmetry: none
                        XYsymmetry: none
                      
                        Xmin: expanded open, 4 Layer, depth 20.3563 mm
                        Xmax: expanded open, 4 Layer, depth 20.3563 mm
                      
                        Ymin: expanded open, 4 Layer, depth 21.9213 mm
                        Ymax: expanded open, 4 Layer, depth 20.2657 mm
                      
                        Zmin: expanded open, 4 Layer, depth 21.5332 mm
                        Zmax: expanded open, 4 Layer, depth 21.9213 mm
                      
                        PML-Type: Convolution PML
                      
                      ------------------------------------------------------------------------------
31/Dec/2021 00:08:13  Frequency settings: 
                      
                        Fmin:         1.5
                        Fmax:         3.5
                        Nfsteps(lin): 1001
                      
                      ------------------------------------------------------------------------------
31/Dec/2021 00:08:13  Waveguide boundaries:
                      
31/Dec/2021 00:08:13  Port: 1
                      
31/Dec/2021 00:08:13    -------------------------------- F-Calc 2.5 --------------------------------
                        Port   Mode   Type        Z-Wave        Z-Wave-Sigma  Z-Line        F-Cutoff
                        1      1      QTEM        211           0             70.7          ---
                        ----------------------------------------------------------------------------
                      
31/Dec/2021 00:08:13  Field update statistics:
                      
                        Number of components in total: 	378345
                        Number of TST elements:		784
                        Number of lossy metal components:	5410
                        Number of disp. elements:		6123
                      
                      Subcycling state:      Automatically deactivated
                      
                      ------------------------------------------------------------------------------
31/Dec/2021 00:08:30  
                      --------------------------------------------------------------------------------
31/Dec/2021 00:08:30  Steady state energy criterion met, solver finished successfully.
                      
                      ------------------------------------------------------------------------------
31/Dec/2021 00:08:30  Frequency domain results normalized to default signal.
                      
                      
                      ------------------------------------------------------------------------------
31/Dec/2021 00:08:30  
                        ----------------------------------------------------------------------------
                                            Peak memory used (kB)         Free physical memory (kB) 
                                                                          At begin     Minimum      
                        ----------------------------------------------------------------------------
                        CAD preparation     21728                         1411804      1411804      
                        Matrices calc.      115234                        1366210      1341796      
                        Solver run total    86212                         1437144      1332704      
                        ----------------------------------------------------------------------------
                      
                      --------------------------------------------------------------------------------
                      Solver Statistics:
                      
                        Hardware:
                           Computer name:                 	DESKTOP-EF1TNSN 
                      
                           Number of CPU threads:               4
                           Hardware info:                  	Hardware Accelerator Device not activated
                      
                        Number of mesh cells:             	60536
                        Excitation duration:              	3.55454875e+000 ns 
                        Calculation time for excitation:  	7 	s
                        Number of calculated pulse widths:	2.41807 
                        Steady state accuracy limit:      	-40	dB 
                        Simulated number of time steps:   	4004 
                        Maximum number of time steps:     	33117 
                        Time step width:
                           without subcycles:             	2.14663924e-003 ns
                           used:                          	2.14663924e-003 ns
                      
                        CAD preparation time:             	0      	s
                        Matrix calculation time:          	18 	s
                        Solver setup time:                	3 	s
                        Solver loop time:                 	14 	s
                        Solver post processing time:      	0 	s
                                                          	------------
                        Total solver time:                	35 	s
                      
                      ------------------------------------------------------------------------------
31/Dec/2021 00:08:31  
                        Adaptive port meshing time:          	63     	s  ( = 0 h, 1 m, 3 s )
                        Total solver time (all cycles):      	35     	s
                        solver initialization and clean-up:  	3      	s
                                                             	------------
                        Total simulation time:               	101    	s  ( = 0 h, 1 m, 41 s )
                      
                      ------------------------------------------------------------------------------
31/Dec/2021 00:08:31  Solver finished at: 12:08 AM Friday, 31. December 2021
                      
                      
                      
                      ------------------------------------------------------------------------------
