Port monitor named: Port1_e1[2.5].prt

nx        = 57
ny        = 48
nz        = 24

nu        = 9
nv        = 41
iu        = 9
iv        = 9

idir      = 1
dcut      = -2.800000e-002
icut      = 8
type      = 0
frequency = 2.500000e+009

fcutoff   = 0.000000e+000
alpha     = 0.000000e+000
beta      = 9.479697e+001
accuracy  = 1.734720e-010

type          = QTEM
wave imp.     = 2.105086e+002
wave imp.sig. = 0.000000e+000
line imp.     = 7.073819e+001

ref. port     = 0

-9.231663e-002  -2.985188e-001  -5.399583e-001  -7.749461e-001  -1.011577e+000  -9.967844e-001  -7.589780e-001  -3.090773e-001  0.000000e+000  
-6.869980e-002  -2.609728e-001  -5.510079e-001  -8.197576e-001  -1.192252e+000  -1.138162e+000  -8.477647e-001  -3.407238e-001  0.000000e+000  
7.741752e-002  3.110949e-001  -7.529057e-001  -7.724231e-001  -1.973259e+000  -1.580298e+000  -1.109592e+000  -4.341188e-001  0.000000e+000  
4.579541e-002  1.364354e-001  -8.786875e-001  -7.422206e-001  -2.622148e+000  -2.145709e+000  -1.506094e+000  -5.870049e-001  0.000000e+000  
1.702272e-002  4.373752e-002  -1.000790e+000  -9.077339e-001  -3.519511e+000  -2.943368e+000  -2.083640e+000  -8.150371e-001  0.000000e+000  
5.386649e-003  1.322675e-002  -1.330176e+000  -1.232998e+000  -4.899969e+000  -4.133354e+000  -2.939687e+000  -1.152988e+000  0.000000e+000  
1.019902e-003  2.472177e-003  -2.312095e+000  -2.154765e+000  -8.613976e+000  -7.284864e+000  -5.189112e+000  -2.037092e+000  0.000000e+000  
2.065370e-004  4.991539e-004  -4.192493e+000  -3.903374e+000  -1.558568e+001  -1.316521e+001  -9.365075e+000  -3.670599e+000  0.000000e+000  
6.811945e-005  1.644954e-004  -6.190226e+000  -5.748746e+000  -2.288578e+001  -1.928493e+001  -1.368419e+001  -5.348905e+000  0.000000e+000  
2.246919e-005  5.425742e-005  -9.161062e+000  -8.470009e+000  -3.354354e+001  -2.815023e+001  -1.989237e+001  -7.741370e+000  0.000000e+000  
7.471751e-006  1.805099e-005  -1.365888e+001  -1.252852e+001  -4.915174e+001  -4.095574e+001  -2.873857e+001  -1.110249e+001  0.000000e+000  
2.682364e-006  6.503926e-006  -1.995380e+001  -1.806690e+001  -6.978565e+001  -5.749288e+001  -3.990571e+001  -1.524802e+001  0.000000e+000  
9.713026e-007  2.334362e-006  -2.975329e+001  -2.636408e+001  -9.914950e+001  -8.016427e+001  -5.467500e+001  -2.053572e+001  0.000000e+000  
3.381225e-007  8.024669e-007  -4.588387e+001  -3.925380e+001  -1.409889e+002  -1.104857e+002  -7.325291e+001  -2.678605e+001  0.000000e+000  
8.180996e-008  2.113816e-007  -8.663587e+001  -6.912144e+001  -2.238365e+002  -1.635832e+002  -1.019221e+002  -3.518784e+001  0.000000e+000  
2.242673e-008  5.607219e-008  -1.859558e+002  -1.335024e+002  -3.517037e+002  -2.227086e+002  -1.221251e+002  -3.749835e+001  0.000000e+000  
7.882319e-009  1.517654e-008  -3.766863e+002  -2.466821e+002  -4.733661e+002  -2.362374e+002  -1.033196e+002  -2.522705e+001  0.000000e+000  
0.000000e+000  0.000000e+000  -8.148142e+002  -5.165775e+002  -5.461209e+002  -1.454181e+002  -1.622828e+001  8.219576e+000  0.000000e+000  
0.000000e+000  0.000000e+000  -1.820778e+003  -1.361101e+003  -1.956283e+002  2.229055e+002  1.825067e+002  6.562026e+001  0.000000e+000  
0.000000e+000  0.000000e+000  -3.088330e+003  -3.776944e+003  1.881176e+003  7.835769e+002  3.639347e+002  1.059587e+002  0.000000e+000  
-1.042032e-008  6.114093e-009  -3.657701e+003  -4.785111e+003  2.301039e+003  9.860220e+002  4.384447e+002  1.225318e+002  0.000000e+000  
7.100287e-009  -8.000805e-009  -3.088330e+003  -3.776944e+003  1.881176e+003  7.835769e+002  3.639347e+002  1.059587e+002  0.000000e+000  
0.000000e+000  -5.693866e-009  -1.820778e+003  -1.361101e+003  -1.956283e+002  2.229055e+002  1.825067e+002  6.562026e+001  0.000000e+000  
4.658235e-009  1.747689e-008  -8.148142e+002  -5.165775e+002  -5.461209e+002  -1.454181e+002  -1.622828e+001  8.219576e+000  0.000000e+000  
2.503254e-008  2.926056e-008  -3.766863e+002  -2.466821e+002  -4.733661e+002  -2.362374e+002  -1.033196e+002  -2.522705e+001  0.000000e+000  
1.855909e-008  6.638401e-008  -1.859558e+002  -1.335024e+002  -3.517037e+002  -2.227086e+002  -1.221251e+002  -3.749835e+001  0.000000e+000  
9.271134e-008  2.239096e-007  -8.663587e+001  -6.912144e+001  -2.238365e+002  -1.635832e+002  -1.019221e+002  -3.518784e+001  0.000000e+000  
3.435020e-007  8.103396e-007  -4.588387e+001  -3.925380e+001  -1.409889e+002  -1.104857e+002  -7.325291e+001  -2.678605e+001  0.000000e+000  
9.553385e-007  2.339404e-006  -2.975329e+001  -2.636408e+001  -9.914950e+001  -8.016427e+001  -5.467500e+001  -2.053572e+001  0.000000e+000  
2.708301e-006  6.504222e-006  -1.995380e+001  -1.806690e+001  -6.978565e+001  -5.749288e+001  -3.990571e+001  -1.524802e+001  0.000000e+000  
7.481392e-006  1.805964e-005  -1.365888e+001  -1.252852e+001  -4.915174e+001  -4.095574e+001  -2.873857e+001  -1.110249e+001  0.000000e+000  
2.247613e-005  5.425261e-005  -9.161062e+000  -8.470009e+000  -3.354354e+001  -2.815023e+001  -1.989237e+001  -7.741370e+000  0.000000e+000  
6.810386e-005  1.644926e-004  -6.190226e+000  -5.748746e+000  -2.288578e+001  -1.928493e+001  -1.368419e+001  -5.348905e+000  0.000000e+000  
2.065507e-004  4.991694e-004  -4.192493e+000  -3.903374e+000  -1.558568e+001  -1.316521e+001  -9.365075e+000  -3.670599e+000  0.000000e+000  
1.019907e-003  2.472184e-003  -2.312095e+000  -2.154765e+000  -8.613976e+000  -7.284864e+000  -5.189112e+000  -2.037092e+000  0.000000e+000  
5.386650e-003  1.322677e-002  -1.330176e+000  -1.232998e+000  -4.899969e+000  -4.133354e+000  -2.939687e+000  -1.152988e+000  0.000000e+000  
1.702272e-002  4.373753e-002  -1.000790e+000  -9.077339e-001  -3.519511e+000  -2.943368e+000  -2.083640e+000  -8.150370e-001  0.000000e+000  
4.579540e-002  1.364354e-001  -8.786875e-001  -7.422205e-001  -2.622148e+000  -2.145709e+000  -1.506094e+000  -5.870049e-001  0.000000e+000  
7.741752e-002  3.110949e-001  -7.529057e-001  -7.724231e-001  -1.973259e+000  -1.580297e+000  -1.109592e+000  -4.341188e-001  0.000000e+000  
-6.869980e-002  -2.609729e-001  -5.510079e-001  -8.197576e-001  -1.192252e+000  -1.138162e+000  -8.477647e-001  -3.407238e-001  0.000000e+000  
-9.231662e-002  -2.985188e-001  -5.399583e-001  -7.749461e-001  -1.011577e+000  -9.967844e-001  -7.589780e-001  -3.090773e-001  0.000000e+000  

1.669820e-001  1.854365e-001  2.190063e-001  2.261436e-001  2.137168e-001  7.346471e-002  -3.449235e-002  -1.005748e-001  -1.326516e-001  
4.202460e-001  5.249040e-001  7.195674e-001  7.256257e-001  8.157099e-001  1.825067e-001  -1.544250e-001  -3.465048e-001  -4.397688e-001  
2.071808e-001  1.899016e-001  0.000000e+000  2.378118e-001  3.734836e-001  -6.439971e-002  -4.528668e-001  -7.255959e-001  -8.717948e-001  
7.545790e-002  5.779580e-002  0.000000e+000  1.172676e-001  1.983153e-001  -3.746918e-001  -9.024414e-001  -1.290430e+000  -1.505414e+000  
2.621671e-002  1.900013e-002  0.000000e+000  7.934638e-002  1.486132e-001  -7.462284e-001  -1.537484e+000  -2.114813e+000  -2.434902e+000  
5.839710e-003  4.154474e-003  0.000000e+000  5.941955e-002  1.232319e-001  -1.412278e+000  -2.740260e+000  -3.698941e+000  -4.227341e+000  
1.076196e-003  7.620988e-004  0.000000e+000  7.443051e-003  3.492570e-002  -2.952049e+000  -5.510434e+000  -7.343628e+000  -8.347349e+000  
2.944503e-004  2.083017e-004  0.000000e+000  -1.319393e-001  -2.147275e-001  -5.401949e+000  -9.804911e+000  -1.293358e+001  -1.463200e+001  
9.701188e-005  6.860602e-005  0.000000e+000  -3.510047e-001  -6.066290e-001  -8.323877e+000  -1.480767e+001  -1.937019e+001  -2.182210e+001  
3.187604e-005  2.253540e-005  0.000000e+000  -7.873470e-001  -1.378078e+000  -1.288782e+001  -2.239459e+001  -2.897579e+001  -3.245352e+001  
1.114012e-005  7.878116e-006  0.000000e+000  -1.632625e+000  -2.842070e+000  -1.979455e+001  -3.341241e+001  -4.259104e+001  -4.731090e+001  
4.008295e-006  2.840814e-006  0.000000e+000  -3.242294e+000  -5.559302e+000  -3.005355e+001  -4.889452e+001  -6.107383e+001  -6.707552e+001  
1.470755e-006  1.031429e-006  0.000000e+000  -6.609437e+000  -1.108210e+001  -4.648702e+001  -7.181405e+001  -8.705449e+001  -9.402348e+001  
4.309770e-007  3.078122e-007  0.000000e+000  -1.526598e+001  -2.487938e+001  -7.835447e+001  -1.116013e+002  -1.287884e+002  -1.353582e+002  
1.169466e-007  7.943955e-008  0.000000e+000  -4.418380e+001  -6.967853e+001  -1.531882e+002  -1.885987e+002  -1.981241e+002  -1.977645e+002  
3.668645e-008  2.865170e-008  0.000000e+000  -1.247049e+002  -1.935092e+002  -2.982231e+002  -3.007922e+002  -2.755782e+002  -2.555110e+002  
1.482430e-008  1.528653e-008  0.000000e+000  -3.004258e+002  -4.788072e+002  -5.313524e+002  -4.292804e+002  -3.360881e+002  -2.868136e+002  
1.456665e-008  3.966657e-009  0.000000e+000  -7.087132e+002  -1.298286e+003  -9.298713e+002  -5.537809e+002  -3.509278e+002  -2.691775e+002  
-7.356527e-009  0.000000e+000  0.000000e+000  -1.253484e+003  -3.686702e+003  -1.289314e+003  -5.132926e+002  -2.606220e+002  -1.819711e+002  
0.000000e+000  0.000000e+000  0.000000e+000  -5.639384e+002  0.000000e+000  -4.826303e+002  -2.022448e+002  -9.867671e+001  -6.646277e+001  
0.000000e+000  -7.577768e-009  0.000000e+000  5.639384e+002  0.000000e+000  4.826303e+002  2.022448e+002  9.867671e+001  6.646277e+001  
-8.725667e-009  4.767753e-009  0.000000e+000  1.253484e+003  3.686702e+003  1.289314e+003  5.132926e+002  2.606220e+002  1.819711e+002  
0.000000e+000  -4.356791e-009  0.000000e+000  7.087132e+002  1.298286e+003  9.298713e+002  5.537809e+002  3.509278e+002  2.691775e+002  
-1.197091e-008  -1.323308e-008  0.000000e+000  3.004258e+002  4.788072e+002  5.313524e+002  4.292804e+002  3.360881e+002  2.868136e+002  
-5.064201e-008  -3.005873e-008  0.000000e+000  1.247049e+002  1.935092e+002  2.982231e+002  3.007922e+002  2.755782e+002  2.555110e+002  
-1.204745e-007  -8.355619e-008  0.000000e+000  4.418380e+001  6.967853e+001  1.531882e+002  1.885987e+002  1.981241e+002  1.977645e+002  
-4.271306e-007  -3.063918e-007  0.000000e+000  1.526598e+001  2.487938e+001  7.835447e+001  1.116013e+002  1.287884e+002  1.353582e+002  
-1.462161e-006  -1.035534e-006  0.000000e+000  6.609437e+000  1.108210e+001  4.648702e+001  7.181405e+001  8.705449e+001  9.402348e+001  
-4.022848e-006  -2.837031e-006  0.000000e+000  3.242294e+000  5.559302e+000  3.005355e+001  4.889452e+001  6.107383e+001  6.707552e+001  
-1.113555e-005  -7.877783e-006  0.000000e+000  1.632625e+000  2.842070e+000  1.979455e+001  3.341241e+001  4.259104e+001  4.731090e+001  
-3.186739e-005  -2.253273e-005  0.000000e+000  7.873470e-001  1.378078e+000  1.288782e+001  2.239459e+001  2.897579e+001  3.245352e+001  
-9.700852e-005  -6.860734e-005  0.000000e+000  3.510047e-001  6.066290e-001  8.323877e+000  1.480767e+001  1.937019e+001  2.182210e+001  
-2.944516e-004  -2.082977e-004  0.000000e+000  1.319393e-001  2.147275e-001  5.401949e+000  9.804911e+000  1.293358e+001  1.463200e+001  
-1.076188e-003  -7.620935e-004  0.000000e+000  -7.443050e-003  -3.492571e-002  2.952049e+000  5.510434e+000  7.343628e+000  8.347349e+000  
-5.839702e-003  -4.154468e-003  0.000000e+000  -5.941956e-002  -1.232319e-001  1.412278e+000  2.740260e+000  3.698941e+000  4.227341e+000  
-2.621671e-002  -1.900013e-002  0.000000e+000  -7.934638e-002  -1.486132e-001  7.462284e-001  1.537484e+000  2.114813e+000  2.434902e+000  
-7.545789e-002  -5.779580e-002  0.000000e+000  -1.172676e-001  -1.983153e-001  3.746918e-001  9.024414e-001  1.290430e+000  1.505414e+000  
-2.071808e-001  -1.899015e-001  0.000000e+000  -2.378118e-001  -3.734836e-001  6.439973e-002  4.528668e-001  7.255959e-001  8.717948e-001  
-4.202460e-001  -5.249040e-001  -7.195674e-001  -7.256257e-001  -8.157099e-001  -1.825066e-001  1.544250e-001  3.465048e-001  4.397688e-001  
-1.669820e-001  -1.854365e-001  -2.190063e-001  -2.261436e-001  -2.137168e-001  -7.346470e-002  3.449235e-002  1.005748e-001  1.326516e-001  
0.000000e+000  0.000000e+000  0.000000e+000  0.000000e+000  0.000000e+000  0.000000e+000  0.000000e+000  0.000000e+000  0.000000e+000  

0.000000e+000  0.000000e+000  0.000000e+000  0.000000e+000  0.000000e+000  0.000000e+000  0.000000e+000  0.000000e+000  0.000000e+000  
0.000000e+000  0.000000e+000  0.000000e+000  0.000000e+000  0.000000e+000  0.000000e+000  0.000000e+000  0.000000e+000  0.000000e+000  
0.000000e+000  0.000000e+000  0.000000e+000  0.000000e+000  0.000000e+000  0.000000e+000  0.000000e+000  0.000000e+000  0.000000e+000  
0.000000e+000  0.000000e+000  0.000000e+000  0.000000e+000  0.000000e+000  0.000000e+000  0.000000e+000  0.000000e+000  0.000000e+000  
0.000000e+000  0.000000e+000  0.000000e+000  0.000000e+000  0.000000e+000  0.000000e+000  0.000000e+000  0.000000e+000  0.000000e+000  
0.000000e+000  0.000000e+000  0.000000e+000  0.000000e+000  0.000000e+000  0.000000e+000  0.000000e+000  0.000000e+000  0.000000e+000  
0.000000e+000  0.000000e+000  0.000000e+000  0.000000e+000  0.000000e+000  0.000000e+000  0.000000e+000  0.000000e+000  0.000000e+000  
0.000000e+000  0.000000e+000  0.000000e+000  0.000000e+000  0.000000e+000  0.000000e+000  0.000000e+000  0.000000e+000  0.000000e+000  
0.000000e+000  0.000000e+000  0.000000e+000  0.000000e+000  0.000000e+000  0.000000e+000  0.000000e+000  0.000000e+000  0.000000e+000  
0.000000e+000  0.000000e+000  0.000000e+000  0.000000e+000  0.000000e+000  0.000000e+000  0.000000e+000  0.000000e+000  0.000000e+000  
0.000000e+000  0.000000e+000  0.000000e+000  0.000000e+000  0.000000e+000  0.000000e+000  0.000000e+000  0.000000e+000  0.000000e+000  
0.000000e+000  0.000000e+000  0.000000e+000  0.000000e+000  0.000000e+000  0.000000e+000  0.000000e+000  0.000000e+000  0.000000e+000  
0.000000e+000  0.000000e+000  0.000000e+000  0.000000e+000  0.000000e+000  0.000000e+000  0.000000e+000  0.000000e+000  0.000000e+000  
0.000000e+000  0.000000e+000  0.000000e+000  0.000000e+000  0.000000e+000  0.000000e+000  0.000000e+000  0.000000e+000  0.000000e+000  
0.000000e+000  0.000000e+000  0.000000e+000  0.000000e+000  0.000000e+000  0.000000e+000  0.000000e+000  0.000000e+000  0.000000e+000  
0.000000e+000  0.000000e+000  0.000000e+000  0.000000e+000  0.000000e+000  0.000000e+000  0.000000e+000  0.000000e+000  0.000000e+000  
0.000000e+000  0.000000e+000  0.000000e+000  0.000000e+000  0.000000e+000  0.000000e+000  0.000000e+000  0.000000e+000  0.000000e+000  
0.000000e+000  0.000000e+000  0.000000e+000  0.000000e+000  0.000000e+000  0.000000e+000  0.000000e+000  0.000000e+000  0.000000e+000  
0.000000e+000  0.000000e+000  0.000000e+000  0.000000e+000  0.000000e+000  0.000000e+000  0.000000e+000  0.000000e+000  0.000000e+000  
0.000000e+000  0.000000e+000  0.000000e+000  0.000000e+000  0.000000e+000  0.000000e+000  0.000000e+000  0.000000e+000  0.000000e+000  
0.000000e+000  0.000000e+000  0.000000e+000  0.000000e+000  0.000000e+000  0.000000e+000  0.000000e+000  0.000000e+000  0.000000e+000  
0.000000e+000  0.000000e+000  0.000000e+000  0.000000e+000  0.000000e+000  0.000000e+000  0.000000e+000  0.000000e+000  0.000000e+000  
0.000000e+000  0.000000e+000  0.000000e+000  0.000000e+000  0.000000e+000  0.000000e+000  0.000000e+000  0.000000e+000  0.000000e+000  
0.000000e+000  0.000000e+000  0.000000e+000  0.000000e+000  0.000000e+000  0.000000e+000  0.000000e+000  0.000000e+000  0.000000e+000  
0.000000e+000  0.000000e+000  0.000000e+000  0.000000e+000  0.000000e+000  0.000000e+000  0.000000e+000  0.000000e+000  0.000000e+000  
0.000000e+000  0.000000e+000  0.000000e+000  0.000000e+000  0.000000e+000  0.000000e+000  0.000000e+000  0.000000e+000  0.000000e+000  
0.000000e+000  0.000000e+000  0.000000e+000  0.000000e+000  0.000000e+000  0.000000e+000  0.000000e+000  0.000000e+000  0.000000e+000  
0.000000e+000  0.000000e+000  0.000000e+000  0.000000e+000  0.000000e+000  0.000000e+000  0.000000e+000  0.000000e+000  0.000000e+000  
0.000000e+000  0.000000e+000  0.000000e+000  0.000000e+000  0.000000e+000  0.000000e+000  0.000000e+000  0.000000e+000  0.000000e+000  
0.000000e+000  0.000000e+000  0.000000e+000  0.000000e+000  0.000000e+000  0.000000e+000  0.000000e+000  0.000000e+000  0.000000e+000  
0.000000e+000  0.000000e+000  0.000000e+000  0.000000e+000  0.000000e+000  0.000000e+000  0.000000e+000  0.000000e+000  0.000000e+000  
0.000000e+000  0.000000e+000  0.000000e+000  0.000000e+000  0.000000e+000  0.000000e+000  0.000000e+000  0.000000e+000  0.000000e+000  
0.000000e+000  0.000000e+000  0.000000e+000  0.000000e+000  0.000000e+000  0.000000e+000  0.000000e+000  0.000000e+000  0.000000e+000  
0.000000e+000  0.000000e+000  0.000000e+000  0.000000e+000  0.000000e+000  0.000000e+000  0.000000e+000  0.000000e+000  0.000000e+000  
0.000000e+000  0.000000e+000  0.000000e+000  0.000000e+000  0.000000e+000  0.000000e+000  0.000000e+000  0.000000e+000  0.000000e+000  
0.000000e+000  0.000000e+000  0.000000e+000  0.000000e+000  0.000000e+000  0.000000e+000  0.000000e+000  0.000000e+000  0.000000e+000  
0.000000e+000  0.000000e+000  0.000000e+000  0.000000e+000  0.000000e+000  0.000000e+000  0.000000e+000  0.000000e+000  0.000000e+000  
0.000000e+000  0.000000e+000  0.000000e+000  0.000000e+000  0.000000e+000  0.000000e+000  0.000000e+000  0.000000e+000  0.000000e+000  
0.000000e+000  0.000000e+000  0.000000e+000  0.000000e+000  0.000000e+000  0.000000e+000  0.000000e+000  0.000000e+000  0.000000e+000  
0.000000e+000  0.000000e+000  0.000000e+000  0.000000e+000  0.000000e+000  0.000000e+000  0.000000e+000  0.000000e+000  0.000000e+000  
0.000000e+000  0.000000e+000  0.000000e+000  0.000000e+000  0.000000e+000  0.000000e+000  0.000000e+000  0.000000e+000  0.000000e+000  

0.000000e+000  0.000000e+000  0.000000e+000  0.000000e+000  0.000000e+000  0.000000e+000  0.000000e+000  0.000000e+000  0.000000e+000  
0.000000e+000  0.000000e+000  0.000000e+000  0.000000e+000  0.000000e+000  0.000000e+000  0.000000e+000  0.000000e+000  0.000000e+000  
0.000000e+000  0.000000e+000  0.000000e+000  0.000000e+000  0.000000e+000  0.000000e+000  0.000000e+000  0.000000e+000  0.000000e+000  
0.000000e+000  0.000000e+000  0.000000e+000  0.000000e+000  0.000000e+000  0.000000e+000  0.000000e+000  0.000000e+000  0.000000e+000  
0.000000e+000  0.000000e+000  0.000000e+000  0.000000e+000  0.000000e+000  0.000000e+000  0.000000e+000  0.000000e+000  0.000000e+000  
0.000000e+000  0.000000e+000  0.000000e+000  0.000000e+000  0.000000e+000  0.000000e+000  0.000000e+000  0.000000e+000  0.000000e+000  
0.000000e+000  0.000000e+000  0.000000e+000  0.000000e+000  0.000000e+000  0.000000e+000  0.000000e+000  0.000000e+000  0.000000e+000  
0.000000e+000  0.000000e+000  0.000000e+000  0.000000e+000  0.000000e+000  0.000000e+000  0.000000e+000  0.000000e+000  0.000000e+000  
0.000000e+000  0.000000e+000  0.000000e+000  0.000000e+000  0.000000e+000  0.000000e+000  0.000000e+000  0.000000e+000  0.000000e+000  
0.000000e+000  0.000000e+000  0.000000e+000  0.000000e+000  0.000000e+000  0.000000e+000  0.000000e+000  0.000000e+000  0.000000e+000  
0.000000e+000  0.000000e+000  0.000000e+000  0.000000e+000  0.000000e+000  0.000000e+000  0.000000e+000  0.000000e+000  0.000000e+000  
0.000000e+000  0.000000e+000  0.000000e+000  0.000000e+000  0.000000e+000  0.000000e+000  0.000000e+000  0.000000e+000  0.000000e+000  
0.000000e+000  0.000000e+000  0.000000e+000  0.000000e+000  0.000000e+000  0.000000e+000  0.000000e+000  0.000000e+000  0.000000e+000  
0.000000e+000  0.000000e+000  0.000000e+000  0.000000e+000  0.000000e+000  0.000000e+000  0.000000e+000  0.000000e+000  0.000000e+000  
0.000000e+000  0.000000e+000  0.000000e+000  0.000000e+000  0.000000e+000  0.000000e+000  0.000000e+000  0.000000e+000  0.000000e+000  
0.000000e+000  0.000000e+000  0.000000e+000  0.000000e+000  0.000000e+000  0.000000e+000  0.000000e+000  0.000000e+000  0.000000e+000  
0.000000e+000  0.000000e+000  0.000000e+000  0.000000e+000  0.000000e+000  0.000000e+000  0.000000e+000  0.000000e+000  0.000000e+000  
0.000000e+000  0.000000e+000  0.000000e+000  0.000000e+000  0.000000e+000  0.000000e+000  0.000000e+000  0.000000e+000  0.000000e+000  
0.000000e+000  0.000000e+000  0.000000e+000  0.000000e+000  0.000000e+000  0.000000e+000  0.000000e+000  0.000000e+000  0.000000e+000  
0.000000e+000  0.000000e+000  0.000000e+000  0.000000e+000  0.000000e+000  0.000000e+000  0.000000e+000  0.000000e+000  0.000000e+000  
0.000000e+000  0.000000e+000  0.000000e+000  0.000000e+000  0.000000e+000  0.000000e+000  0.000000e+000  0.000000e+000  0.000000e+000  
0.000000e+000  0.000000e+000  0.000000e+000  0.000000e+000  0.000000e+000  0.000000e+000  0.000000e+000  0.000000e+000  0.000000e+000  
0.000000e+000  0.000000e+000  0.000000e+000  0.000000e+000  0.000000e+000  0.000000e+000  0.000000e+000  0.000000e+000  0.000000e+000  
0.000000e+000  0.000000e+000  0.000000e+000  0.000000e+000  0.000000e+000  0.000000e+000  0.000000e+000  0.000000e+000  0.000000e+000  
0.000000e+000  0.000000e+000  0.000000e+000  0.000000e+000  0.000000e+000  0.000000e+000  0.000000e+000  0.000000e+000  0.000000e+000  
0.000000e+000  0.000000e+000  0.000000e+000  0.000000e+000  0.000000e+000  0.000000e+000  0.000000e+000  0.000000e+000  0.000000e+000  
0.000000e+000  0.000000e+000  0.000000e+000  0.000000e+000  0.000000e+000  0.000000e+000  0.000000e+000  0.000000e+000  0.000000e+000  
0.000000e+000  0.000000e+000  0.000000e+000  0.000000e+000  0.000000e+000  0.000000e+000  0.000000e+000  0.000000e+000  0.000000e+000  
0.000000e+000  0.000000e+000  0.000000e+000  0.000000e+000  0.000000e+000  0.000000e+000  0.000000e+000  0.000000e+000  0.000000e+000  
0.000000e+000  0.000000e+000  0.000000e+000  0.000000e+000  0.000000e+000  0.000000e+000  0.000000e+000  0.000000e+000  0.000000e+000  
0.000000e+000  0.000000e+000  0.000000e+000  0.000000e+000  0.000000e+000  0.000000e+000  0.000000e+000  0.000000e+000  0.000000e+000  
0.000000e+000  0.000000e+000  0.000000e+000  0.000000e+000  0.000000e+000  0.000000e+000  0.000000e+000  0.000000e+000  0.000000e+000  
0.000000e+000  0.000000e+000  0.000000e+000  0.000000e+000  0.000000e+000  0.000000e+000  0.000000e+000  0.000000e+000  0.000000e+000  
0.000000e+000  0.000000e+000  0.000000e+000  0.000000e+000  0.000000e+000  0.000000e+000  0.000000e+000  0.000000e+000  0.000000e+000  
0.000000e+000  0.000000e+000  0.000000e+000  0.000000e+000  0.000000e+000  0.000000e+000  0.000000e+000  0.000000e+000  0.000000e+000  
0.000000e+000  0.000000e+000  0.000000e+000  0.000000e+000  0.000000e+000  0.000000e+000  0.000000e+000  0.000000e+000  0.000000e+000  
0.000000e+000  0.000000e+000  0.000000e+000  0.000000e+000  0.000000e+000  0.000000e+000  0.000000e+000  0.000000e+000  0.000000e+000  
0.000000e+000  0.000000e+000  0.000000e+000  0.000000e+000  0.000000e+000  0.000000e+000  0.000000e+000  0.000000e+000  0.000000e+000  
0.000000e+000  0.000000e+000  0.000000e+000  0.000000e+000  0.000000e+000  0.000000e+000  0.000000e+000  0.000000e+000  0.000000e+000  
0.000000e+000  0.000000e+000  0.000000e+000  0.000000e+000  0.000000e+000  0.000000e+000  0.000000e+000  0.000000e+000  0.000000e+000  
0.000000e+000  0.000000e+000  0.000000e+000  0.000000e+000  0.000000e+000  0.000000e+000  0.000000e+000  0.000000e+000  0.000000e+000  

0.000000e+000  0.000000e+000  0.000000e+000  0.000000e+000  0.000000e+000  0.000000e+000  0.000000e+000  0.000000e+000  0.000000e+000  
0.000000e+000  0.000000e+000  0.000000e+000  0.000000e+000  0.000000e+000  0.000000e+000  0.000000e+000  0.000000e+000  0.000000e+000  
0.000000e+000  0.000000e+000  0.000000e+000  0.000000e+000  0.000000e+000  0.000000e+000  0.000000e+000  0.000000e+000  0.000000e+000  
0.000000e+000  0.000000e+000  0.000000e+000  0.000000e+000  0.000000e+000  0.000000e+000  0.000000e+000  0.000000e+000  0.000000e+000  
0.000000e+000  0.000000e+000  0.000000e+000  0.000000e+000  0.000000e+000  0.000000e+000  0.000000e+000  0.000000e+000  0.000000e+000  
0.000000e+000  0.000000e+000  0.000000e+000  0.000000e+000  0.000000e+000  0.000000e+000  0.000000e+000  0.000000e+000  0.000000e+000  
0.000000e+000  0.000000e+000  0.000000e+000  0.000000e+000  0.000000e+000  0.000000e+000  0.000000e+000  0.000000e+000  0.000000e+000  
0.000000e+000  0.000000e+000  0.000000e+000  0.000000e+000  0.000000e+000  0.000000e+000  0.000000e+000  0.000000e+000  0.000000e+000  
0.000000e+000  0.000000e+000  0.000000e+000  0.000000e+000  0.000000e+000  0.000000e+000  0.000000e+000  0.000000e+000  0.000000e+000  
0.000000e+000  0.000000e+000  0.000000e+000  0.000000e+000  0.000000e+000  0.000000e+000  0.000000e+000  0.000000e+000  0.000000e+000  
0.000000e+000  0.000000e+000  0.000000e+000  0.000000e+000  0.000000e+000  0.000000e+000  0.000000e+000  0.000000e+000  0.000000e+000  
0.000000e+000  0.000000e+000  0.000000e+000  0.000000e+000  0.000000e+000  0.000000e+000  0.000000e+000  0.000000e+000  0.000000e+000  
0.000000e+000  0.000000e+000  0.000000e+000  0.000000e+000  0.000000e+000  0.000000e+000  0.000000e+000  0.000000e+000  0.000000e+000  
0.000000e+000  0.000000e+000  0.000000e+000  0.000000e+000  0.000000e+000  0.000000e+000  0.000000e+000  0.000000e+000  0.000000e+000  
0.000000e+000  0.000000e+000  0.000000e+000  0.000000e+000  0.000000e+000  0.000000e+000  0.000000e+000  0.000000e+000  0.000000e+000  
0.000000e+000  0.000000e+000  0.000000e+000  0.000000e+000  0.000000e+000  0.000000e+000  0.000000e+000  0.000000e+000  0.000000e+000  
0.000000e+000  0.000000e+000  0.000000e+000  0.000000e+000  0.000000e+000  0.000000e+000  0.000000e+000  0.000000e+000  0.000000e+000  
0.000000e+000  0.000000e+000  0.000000e+000  0.000000e+000  0.000000e+000  0.000000e+000  0.000000e+000  0.000000e+000  0.000000e+000  
0.000000e+000  0.000000e+000  0.000000e+000  0.000000e+000  0.000000e+000  0.000000e+000  0.000000e+000  0.000000e+000  0.000000e+000  
0.000000e+000  0.000000e+000  0.000000e+000  0.000000e+000  0.000000e+000  0.000000e+000  0.000000e+000  0.000000e+000  0.000000e+000  
0.000000e+000  0.000000e+000  0.000000e+000  0.000000e+000  0.000000e+000  0.000000e+000  0.000000e+000  0.000000e+000  0.000000e+000  
0.000000e+000  0.000000e+000  0.000000e+000  0.000000e+000  0.000000e+000  0.000000e+000  0.000000e+000  0.000000e+000  0.000000e+000  
0.000000e+000  0.000000e+000  0.000000e+000  0.000000e+000  0.000000e+000  0.000000e+000  0.000000e+000  0.000000e+000  0.000000e+000  
0.000000e+000  0.000000e+000  0.000000e+000  0.000000e+000  0.000000e+000  0.000000e+000  0.000000e+000  0.000000e+000  0.000000e+000  
0.000000e+000  0.000000e+000  0.000000e+000  0.000000e+000  0.000000e+000  0.000000e+000  0.000000e+000  0.000000e+000  0.000000e+000  
0.000000e+000  0.000000e+000  0.000000e+000  0.000000e+000  0.000000e+000  0.000000e+000  0.000000e+000  0.000000e+000  0.000000e+000  
0.000000e+000  0.000000e+000  0.000000e+000  0.000000e+000  0.000000e+000  0.000000e+000  0.000000e+000  0.000000e+000  0.000000e+000  
0.000000e+000  0.000000e+000  0.000000e+000  0.000000e+000  0.000000e+000  0.000000e+000  0.000000e+000  0.000000e+000  0.000000e+000  
0.000000e+000  0.000000e+000  0.000000e+000  0.000000e+000  0.000000e+000  0.000000e+000  0.000000e+000  0.000000e+000  0.000000e+000  
0.000000e+000  0.000000e+000  0.000000e+000  0.000000e+000  0.000000e+000  0.000000e+000  0.000000e+000  0.000000e+000  0.000000e+000  
0.000000e+000  0.000000e+000  0.000000e+000  0.000000e+000  0.000000e+000  0.000000e+000  0.000000e+000  0.000000e+000  0.000000e+000  
0.000000e+000  0.000000e+000  0.000000e+000  0.000000e+000  0.000000e+000  0.000000e+000  0.000000e+000  0.000000e+000  0.000000e+000  
0.000000e+000  0.000000e+000  0.000000e+000  0.000000e+000  0.000000e+000  0.000000e+000  0.000000e+000  0.000000e+000  0.000000e+000  
0.000000e+000  0.000000e+000  0.000000e+000  0.000000e+000  0.000000e+000  0.000000e+000  0.000000e+000  0.000000e+000  0.000000e+000  
0.000000e+000  0.000000e+000  0.000000e+000  0.000000e+000  0.000000e+000  0.000000e+000  0.000000e+000  0.000000e+000  0.000000e+000  
0.000000e+000  0.000000e+000  0.000000e+000  0.000000e+000  0.000000e+000  0.000000e+000  0.000000e+000  0.000000e+000  0.000000e+000  
0.000000e+000  0.000000e+000  0.000000e+000  0.000000e+000  0.000000e+000  0.000000e+000  0.000000e+000  0.000000e+000  0.000000e+000  
0.000000e+000  0.000000e+000  0.000000e+000  0.000000e+000  0.000000e+000  0.000000e+000  0.000000e+000  0.000000e+000  0.000000e+000  
0.000000e+000  0.000000e+000  0.000000e+000  0.000000e+000  0.000000e+000  0.000000e+000  0.000000e+000  0.000000e+000  0.000000e+000  
0.000000e+000  0.000000e+000  0.000000e+000  0.000000e+000  0.000000e+000  0.000000e+000  0.000000e+000  0.000000e+000  0.000000e+000  
0.000000e+000  0.000000e+000  0.000000e+000  0.000000e+000  0.000000e+000  0.000000e+000  0.000000e+000  0.000000e+000  0.000000e+000  

-4.009563e-001  -4.329933e-001  -5.334432e-001  -7.018896e-001  -8.962700e-001  -1.147491e+000  -1.350770e+000  -1.490603e+000  -1.564805e+000  
-3.316882e-001  -3.590687e-001  -4.606933e-001  -6.776415e-001  -9.125699e-001  -1.184436e+000  -1.398484e+000  -1.544661e+000  -1.622001e+000  
-1.438648e-001  -1.231383e-001  0.000000e+000  -6.224553e-001  -1.010072e+000  -1.307693e+000  -1.547628e+000  -1.711718e+000  -1.798300e+000  
-5.080127e-002  -3.811099e-002  0.000000e+000  -6.018769e-001  -1.142515e+000  -1.521894e+000  -1.813737e+000  -2.009767e+000  -2.112207e+000  
-1.695050e-002  -1.220925e-002  0.000000e+000  -7.181131e-001  -1.397239e+000  -1.866020e+000  -2.224180e+000  -2.463065e+000  -2.587155e+000  
-5.193854e-003  -3.691393e-003  0.000000e+000  -9.190602e-001  -1.795539e+000  -2.373510e+000  -2.813817e+000  -3.106304e+000  -3.257593e+000  
-9.744571e-004  -6.898812e-004  0.000000e+000  -1.435498e+000  -2.807030e+000  -3.620561e+000  -4.232931e+000  -4.635860e+000  -4.842511e+000  
-1.967852e-004  -1.393101e-004  0.000000e+000  -2.308047e+000  -4.514141e+000  -5.647457e+000  -6.481294e+000  -7.020383e+000  -7.292687e+000  
-6.511328e-005  -4.587484e-005  0.000000e+000  -3.134769e+000  -6.131338e+000  -7.493965e+000  -8.473275e+000  -9.094793e+000  -9.403678e+000  
-2.140251e-005  -1.517260e-005  0.000000e+000  -4.257566e+000  -8.327501e+000  -9.921331e+000  -1.102869e+001  -1.171238e+001  -1.204390e+001  
-6.974090e-006  -5.102189e-006  0.000000e+000  -5.782323e+000  -1.130979e+001  -1.309177e+001  -1.426562e+001  -1.495818e+001  -1.528020e+001  
-2.300539e-006  -1.966522e-006  0.000000e+000  -7.650938e+000  -1.496556e+001  -1.680567e+001  -1.791827e+001  -1.852458e+001  -1.878503e+001  
-1.175184e-006  -6.047305e-007  0.000000e+000  -1.011985e+001  -1.980075e+001  -2.146920e+001  -2.230638e+001  -2.267353e+001  -2.279183e+001  
-3.389421e-007  -1.696632e-007  0.000000e+000  -1.337143e+001  -2.618776e+001  -2.724501e+001  -2.744524e+001  -2.733689e+001  -2.719754e+001  
7.159322e-008  -5.956552e-008  0.000000e+000  -1.922373e+001  -3.778017e+001  -3.679742e+001  -3.528048e+001  -3.403523e+001  -3.333205e+001  
5.132532e-008  -2.303632e-008  0.000000e+000  -2.713990e+001  -5.391703e+001  -4.810140e+001  -4.336936e+001  -4.032948e+001  -3.885118e+001  
0.000000e+000  2.479701e-008  0.000000e+000  -3.371593e+001  -6.854213e+001  -5.597481e+001  -4.802995e+001  -4.364410e+001  -4.171322e+001  
1.961386e-009  8.617282e-008  0.000000e+000  -3.795941e+001  -8.138084e+001  -5.976494e+001  -4.960577e+001  -4.490287e+001  -4.302276e+001  
1.938737e-007  3.507842e-008  0.000000e+000  -3.148872e+001  -7.712302e+001  -5.248826e+001  -4.616444e+001  -4.381673e+001  -4.284949e+001  
-7.760298e-008  0.000000e+000  0.000000e+000  -9.829114e+000  0.000000e+000  -3.592895e+001  -4.148435e+001  -4.247610e+001  -4.240479e+001  
2.198450e-007  -9.448241e-008  0.000000e+000  -4.918366e+000  0.000000e+000  -3.022576e+001  -3.950750e+001  -4.186784e+001  -4.218529e+001  
-5.775403e-008  2.906813e-008  0.000000e+000  -9.829114e+000  0.000000e+000  -3.592895e+001  -4.148435e+001  -4.247610e+001  -4.240479e+001  
-7.716387e-008  1.407551e-007  0.000000e+000  -3.148872e+001  -7.712302e+001  -5.248826e+001  -4.616444e+001  -4.381673e+001  -4.284949e+001  
-7.149271e-009  -6.765119e-008  0.000000e+000  -3.795941e+001  -8.138084e+001  -5.976494e+001  -4.960577e+001  -4.490287e+001  -4.302276e+001  
-2.337448e-007  8.348499e-008  0.000000e+000  -3.371593e+001  -6.854213e+001  -5.597481e+001  -4.802995e+001  -4.364410e+001  -4.171321e+001  
6.478223e-008  -1.549069e-007  0.000000e+000  -2.713990e+001  -5.391703e+001  -4.810140e+001  -4.336936e+001  -4.032948e+001  -3.885118e+001  
-2.006140e-007  -1.084196e-007  0.000000e+000  -1.922373e+001  -3.778017e+001  -3.679742e+001  -3.528048e+001  -3.403523e+001  -3.333205e+001  
-4.834606e-007  -1.598601e-007  0.000000e+000  -1.337143e+001  -2.618776e+001  -2.724501e+001  -2.744524e+001  -2.733689e+001  -2.719754e+001  
-6.621702e-007  -8.863623e-007  0.000000e+000  -1.011985e+001  -1.980075e+001  -2.146920e+001  -2.230638e+001  -2.267353e+001  -2.279183e+001  
-2.993379e-006  -1.669785e-006  0.000000e+000  -7.650938e+000  -1.496556e+001  -1.680567e+001  -1.791827e+001  -1.852458e+001  -1.878503e+001  
-7.207041e-006  -5.108627e-006  0.000000e+000  -5.782323e+000  -1.130978e+001  -1.309177e+001  -1.426562e+001  -1.495818e+001  -1.528020e+001  
-2.151211e-005  -1.502100e-005  0.000000e+000  -4.257565e+000  -8.327501e+000  -9.921330e+000  -1.102869e+001  -1.171238e+001  -1.204390e+001  
-6.475224e-005  -4.604585e-005  0.000000e+000  -3.134769e+000  -6.131338e+000  -7.493965e+000  -8.473275e+000  -9.094793e+000  -9.403678e+000  
-1.971294e-004  -1.393356e-004  0.000000e+000  -2.308047e+000  -4.514141e+000  -5.647457e+000  -6.481294e+000  -7.020383e+000  -7.292687e+000  
-9.745575e-004  -6.899044e-004  0.000000e+000  -1.435498e+000  -2.807030e+000  -3.620561e+000  -4.232931e+000  -4.635860e+000  -4.842511e+000  
-5.193847e-003  -3.691490e-003  0.000000e+000  -9.190602e-001  -1.795539e+000  -2.373510e+000  -2.813817e+000  -3.106304e+000  -3.257593e+000  
-1.695051e-002  -1.220943e-002  0.000000e+000  -7.181131e-001  -1.397239e+000  -1.866020e+000  -2.224180e+000  -2.463065e+000  -2.587155e+000  
-5.080115e-002  -3.811110e-002  0.000000e+000  -6.018771e-001  -1.142515e+000  -1.521895e+000  -1.813737e+000  -2.009767e+000  -2.112207e+000  
-1.438648e-001  -1.231382e-001  0.000000e+000  -6.224552e-001  -1.010073e+000  -1.307693e+000  -1.547628e+000  -1.711718e+000  -1.798300e+000  
-3.316880e-001  -3.590687e-001  -4.606930e-001  -6.776416e-001  -9.125698e-001  -1.184436e+000  -1.398484e+000  -1.544661e+000  -1.622001e+000  
-4.009562e-001  -4.329931e-001  -5.334431e-001  -7.018894e-001  -8.962700e-001  -1.147491e+000  -1.350770e+000  -1.490603e+000  -1.564805e+000  

